# vsim top "+define+FPMULT" "+define+LATENCY=6" -batch -do "run -all; quit -f" 
# Start time: 20:00:06 on Apr 10,2022
# ** Note: (vsim-3813) Design is being optimized due to module recompilation...
# ** Warning: ../tb/monitor.sv(49): (vopt-2240) Treating stand-alone use of function 'begin_tr' as an implicit VOID cast.
# ** Warning: ../tb/monitor_out.sv(48): (vopt-2240) Treating stand-alone use of function 'begin_tr' as an implicit VOID cast.
# //  Questa Sim-64
# //  Version 10.7c linux_x86_64 Aug 17 2018
# //
# //  Copyright 1991-2018 Mentor Graphics Corporation
# //  All Rights Reserved.
# //
# //  QuestaSim and its associated documentation contain trade
# //  secrets and commercial or financial information that are the property of
# //  Mentor Graphics Corporation and are privileged, confidential,
# //  and exempt from disclosure under the Freedom of Information Act,
# //  5 U.S.C. Section 552. Furthermore, this information
# //  is prohibited from disclosure under the Trade Secrets Act,
# //  18 U.S.C. Section 1905.
# //
# Loading sv_std.std
# Loading mtiUvm.uvm_pkg
# Loading work.top_sv_unit(fast)
# Loading work.top(fast)
# Loading work.dut_if(fast)
# Loading work.dut_if(fast__1)
# Loading work.DUT(fast)
# Loading mtiUvm.questa_uvm_pkg(fast)
# Loading work.dut_if(fast)
# Loading std.standard
# Loading std.textio(body)
# Loading ieee.std_logic_1164(body)
# Loading ieee.std_logic_arith(body)
# Loading work.fpmul(pipeline)#1
# Loading work.fpmul_stage1(struct)#1
# Loading work.unpackfp(unpackfp)#1
# Loading work.fpmul_stage2(struct)#1
# Loading work.dadda(struct)#1
# Loading work.mbe(beh)#1
# Loading work.ks_adder(ks)#1
# Loading work.half_adder(structural)#1
# Loading work.full_adder(behaviour)#1
# Loading ieee.std_logic_unsigned(body)
# Loading work.fpmul_stage3(struct)#1
# Loading work.fpnormalize(fpnormalize)#1
# Loading work.fpround(fpround)#1
# Loading work.fpmul_stage4(struct)#1
# Loading work.packfp(packfp)#1
# ** Warning: (vsim-3764) Stand-alone call to function 'begin_tr' treated as implicit void cast.
#    Time: 0 ns  Iteration: 0  Region: /top_sv_unit::driver File: ../tb/driver.sv Line: 67
# Loading /software/mentor/questa10.7c/questasim/uvm-1.1d/linux_x86_64/uvm_dpi.so
# 
# run -all
# ----------------------------------------------------------------
# UVM-1.1d
# (C) 2007-2013 Mentor Graphics Corporation
# (C) 2007-2013 Cadence Design Systems, Inc.
# (C) 2006-2013 Synopsys, Inc.
# (C) 2011-2013 Cypress Semiconductor Corp.
# ----------------------------------------------------------------
# 
#   ***********       IMPORTANT RELEASE NOTES         ************
# 
#   You are using a version of the UVM library that has been compiled
#   with `UVM_NO_DEPRECATED undefined.
#   See http://www.eda.org/svdb/view.php?id=3313 for more details.
# 
#   You are using a version of the UVM library that has been compiled
#   with `UVM_OBJECT_MUST_HAVE_CONSTRUCTOR undefined.
#   See http://www.eda.org/svdb/view.php?id=3770 for more details.
# 
#       (Specify +UVM_NO_RELNOTES to turn off this notice)
# 
# UVM_INFO verilog_src/questa_uvm_pkg-1.2/src/questa_uvm_pkg.sv(215) @ 0: reporter [Questa UVM] QUESTA_UVM-1.2.3
# UVM_INFO verilog_src/questa_uvm_pkg-1.2/src/questa_uvm_pkg.sv(216) @ 0: reporter [Questa UVM]  questa_uvm::init(+struct)
# ** Warning: There is an 'U'|'X'|'W'|'Z'|'-' in an arithmetic operand, the result will be 'X'(es).
#    Time: 0 ns  Iteration: 0  Instance: /top/fpmult/fp_multiplier_test/I3/I11
# ** Warning: There is an 'U'|'X'|'W'|'Z'|'-' in an arithmetic operand, the result will be 'X'(es).
#    Time: 0 ns  Iteration: 0  Instance: /top/fpmult/fp_multiplier_test/I3/I11
# ** Warning: There is an 'U'|'X'|'W'|'Z'|'-' in an arithmetic operand, the result will be 'X'(es).
#    Time: 0 ns  Iteration: 0  Instance: /top/fpmult/fp_multiplier_test/I2
# ** Warning: There is an 'U'|'X'|'W'|'Z'|'-' in an arithmetic operand, the result will be 'X'(es).
#    Time: 0 ns  Iteration: 0  Instance: /top/fpmult/fp_multiplier_test/I2
# ** Warning: There is an 'U'|'X'|'W'|'Z'|'-' in an arithmetic operand, the result will be 'X'(es).
#    Time: 0 ns  Iteration: 0  Instance: /top/fpmult/fp_multiplier_test/I2
# ** Warning: There is an 'U'|'X'|'W'|'Z'|'-' in an arithmetic operand, the result will be 'X'(es).
#    Time: 0 ns  Iteration: 0  Instance: /top/fpmult/fp_multiplier_test/I2
# ** Warning: There is an 'U'|'X'|'W'|'Z'|'-' in an arithmetic operand, the result will be 'X'(es).
#    Time: 0 ns  Iteration: 0  Instance: /top/fpmult/fp_multiplier_test/I2
# UVM_INFO @ 0: reporter [RNTST] Running test simple_test...
# ** Warning: There is an 'U'|'X'|'W'|'Z'|'-' in an arithmetic operand, the result will be 'X'(es).
#    Time: 0 ns  Iteration: 1  Instance: /top/fpmult/fp_multiplier_test/I2
# ** Warning: There is an 'U'|'X'|'W'|'Z'|'-' in an arithmetic operand, the result will be 'X'(es).
#    Time: 0 ns  Iteration: 1  Instance: /top/fpmult/fp_multiplier_test/I2
# ** Warning: There is an 'U'|'X'|'W'|'Z'|'-' in an arithmetic operand, the result will be 'X'(es).
#    Time: 0 ns  Iteration: 1  Instance: /top/fpmult/fp_multiplier_test/I2
# ** Warning: There is an 'U'|'X'|'W'|'Z'|'-' in an arithmetic operand, the result will be 'X'(es).
#    Time: 0 ns  Iteration: 1  Instance: /top/fpmult/fp_multiplier_test/I2
# ** Warning: There is an 'U'|'X'|'W'|'Z'|'-' in an arithmetic operand, the result will be 'X'(es).
#    Time: 15 ns  Iteration: 2  Instance: /top/fpmult/fp_multiplier_test/I2
# ** Warning: There is an 'U'|'X'|'W'|'Z'|'-' in an arithmetic operand, the result will be 'X'(es).
#    Time: 15 ns  Iteration: 2  Instance: /top/fpmult/fp_multiplier_test/I2
# ** Warning: There is an 'U'|'X'|'W'|'Z'|'-' in an arithmetic operand, the result will be 'X'(es).
#    Time: 15 ns  Iteration: 2  Instance: /top/fpmult/fp_multiplier_test/I2
# ** Warning: There is an 'U'|'X'|'W'|'Z'|'-' in an arithmetic operand, the result will be 'X'(es).
#    Time: 15 ns  Iteration: 2  Instance: /top/fpmult/fp_multiplier_test/I2
# refmod: input A = 2.080327e-12, input B = 2.312545e-32, output OUT = 0.000000e+00
# refmod: input A = 00101100000100100110001111011001, input B = 00001010111100000010010111111101, output OUT = 00000000000000000000000000000000
# ** Warning: There is an 'U'|'X'|'W'|'Z'|'-' in an arithmetic operand, the result will be 'X'(es).
#    Time: 35 ns  Iteration: 3  Instance: /top/fpmult/fp_multiplier_test/I3/I11
# ** Warning: There is an 'U'|'X'|'W'|'Z'|'-' in an arithmetic operand, the result will be 'X'(es).
#    Time: 35 ns  Iteration: 3  Instance: /top/fpmult/fp_multiplier_test/I3/I11
# FP_Mult: input A = 2.080327e-12, input B = 2.312545e-32, output OUT = 0.000000e+00
# FP_Mult: input A = 00101100000100100110001111011001, input B = 00001010111100000010010111111101, output OUT = 00000000000000000000000000000000
# UVM_INFO @ 105: uvm_test_top.env_h.comp [Comparator Match] 
# refmod: input A = 9.521237e-36, input B = 9.925626e-19, output OUT = 0.000000e+00
# refmod: input A = 00000101010010100111111010001011, input B = 00100001100100100111100111110100, output OUT = 00000000000000000000000000000000
# FP_Mult: input A = 9.521237e-36, input B = 9.925626e-19, output OUT = 0.000000e+00
# FP_Mult: input A = 00000101010010100111111010001011, input B = 00100001100100100111100111110100, output OUT = 00000000000000000000000000000000
# UVM_INFO @ 185: uvm_test_top.env_h.comp [Comparator Match] 
# refmod: input A = 2.774684e-29, input B = 7.269329e+21, output OUT = 2.017009e-07
# refmod: input A = 00010000000011001011000101110100, input B = 01100011110001010000100100011010, output OUT = 00110100010110001001001100011110
# FP_Mult: input A = 2.774684e-29, input B = 7.269329e+21, output OUT = 2.017009e-07
# FP_Mult: input A = 00010000000011001011000101110100, input B = 01100011110001010000100100011010, output OUT = 00110100010110001001001100011110
# UVM_INFO @ 265: uvm_test_top.env_h.comp [Comparator Match] 
# refmod: input A = 1.176121e+38, input B = 1.407450e+32, output OUT = inf
# refmod: input A = 01111110101100001111011010001100, input B = 01110100110111100000111001101111, output OUT = 01111111100000000000000000000000
# FP_Mult: input A = 1.176121e+38, input B = 1.407450e+32, output OUT = inf
# FP_Mult: input A = 01111110101100001111011010001100, input B = 01110100110111100000111001101111, output OUT = 01111111100000000000000000000000
# UVM_INFO @ 345: uvm_test_top.env_h.comp [Comparator Match] 
# refmod: input A = 1.880721e-19, input B = 2.247505e+18, output OUT = 4.226930e-01
# refmod: input A = 00100000010111100000100101001111, input B = 01011101111110011000010111101101, output OUT = 00111110110110000110101100110110
# FP_Mult: input A = 1.880721e-19, input B = 2.247505e+18, output OUT = 4.226930e-01
# FP_Mult: input A = 00100000010111100000100101001111, input B = 01011101111110011000010111101101, output OUT = 00111110110110000110101100110110
# UVM_INFO @ 425: uvm_test_top.env_h.comp [Comparator Match] 
# refmod: input A = 1.339290e-33, input B = 9.689835e+01, output OUT = 1.297750e-31
# refmod: input A = 00001000110111101000011100010110, input B = 01000010110000011100101111110100, output OUT = 00001100001010000111010100100001
# FP_Mult: input A = 1.339290e-33, input B = 9.689835e+01, output OUT = 1.297750e-31
# FP_Mult: input A = 00001000110111101000011100010110, input B = 01000010110000011100101111110100, output OUT = 00001100001010000111010100100001
# UVM_INFO @ 505: uvm_test_top.env_h.comp [Comparator Match] 
# refmod: input A = 1.013926e+20, input B = 4.806595e+26, output OUT = inf
# refmod: input A = 01100000101011111110001101011011, input B = 01101011110001101100101111001101, output OUT = 01111111100000000000000000000000
# FP_Mult: input A = 1.013926e+20, input B = 4.806595e+26, output OUT = inf
# FP_Mult: input A = 01100000101011111110001101011011, input B = 01101011110001101100101111001101, output OUT = 01111111100000000000000000000000
# UVM_INFO @ 585: uvm_test_top.env_h.comp [Comparator Match] 
# refmod: input A = 7.294061e-25, input B = 9.875870e+05, output OUT = 7.203519e-19
# refmod: input A = 00010111011000011011110110000001, input B = 01001001011100010001110000110000, output OUT = 00100001010101001001110001000001
# FP_Mult: input A = 7.294061e-25, input B = 9.875870e+05, output OUT = 7.203519e-19
# FP_Mult: input A = 00010111011000011011110110000001, input B = 01001001011100010001110000110000, output OUT = 00100001010101001001110001000001
# UVM_INFO @ 665: uvm_test_top.env_h.comp [Comparator Match] 
# refmod: input A = 1.003122e+24, input B = 1.923620e+09, output OUT = 1.929626e+33
# refmod: input A = 01100111010101000110101101011100, input B = 01001110111001010101000000111101, output OUT = 01110110101111100100011010011101
# FP_Mult: input A = 1.003122e+24, input B = 1.923620e+09, output OUT = 1.929626e+33
# FP_Mult: input A = 01100111010101000110101101011100, input B = 01001110111001010101000000111101, output OUT = 01110110101111100100011010011101
# UVM_INFO @ 745: uvm_test_top.env_h.comp [Comparator Match] 
# refmod: input A = 1.507585e-30, input B = 2.953107e-10, output OUT = 0.000000e+00
# refmod: input A = 00001101111101001001111010100100, input B = 00101111101000100101100101001001, output OUT = 00000000000000000000000000000000
# FP_Mult: input A = 1.507585e-30, input B = 2.953107e-10, output OUT = 0.000000e+00
# FP_Mult: input A = 00001101111101001001111010100100, input B = 00101111101000100101100101001001, output OUT = 00000000000000000000000000000000
# UVM_INFO @ 825: uvm_test_top.env_h.comp [Comparator Match] 
# refmod: input A = 2.585478e+17, input B = 2.309777e+13, output OUT = 5.971878e+30
# refmod: input A = 01011100011001011010001011111001, input B = 01010101101010000000111011110010, output OUT = 01110010100101101100000001011011
# FP_Mult: input A = 2.585478e+17, input B = 2.309777e+13, output OUT = 5.971878e+30
# FP_Mult: input A = 01011100011001011010001011111001, input B = 01010101101010000000111011110010, output OUT = 01110010100101101100000001011011
# UVM_INFO @ 905: uvm_test_top.env_h.comp [Comparator Match] 
# refmod: input A = 6.667702e+06, input B = 2.499465e+18, output OUT = 1.666569e+25
# refmod: input A = 01001010110010110111101101101101, input B = 01011110000010101011111110001000, output OUT = 01101001010111001001000110001100
# FP_Mult: input A = 6.667702e+06, input B = 2.499465e+18, output OUT = 1.666569e+25
# FP_Mult: input A = 01001010110010110111101101101101, input B = 01011110000010101011111110001000, output OUT = 01101001010111001001000110001100
# UVM_INFO @ 985: uvm_test_top.env_h.comp [Comparator Match] 
# refmod: input A = 3.641423e+23, input B = 4.683659e-17, output OUT = 1.705518e+07
# refmod: input A = 01100110100110100011100001100011, input B = 00100100010101111111111011100011, output OUT = 01001011100000100001111011101000
# FP_Mult: input A = 3.641423e+23, input B = 4.683659e-17, output OUT = 1.705518e+07
# FP_Mult: input A = 01100110100110100011100001100011, input B = 00100100010101111111111011100011, output OUT = 01001011100000100001111011101000
# UVM_INFO @ 1065: uvm_test_top.env_h.comp [Comparator Match] 
# refmod: input A = 2.060507e+12, input B = 4.714258e-26, output OUT = 9.713761e-14
# refmod: input A = 01010011111011111101111111100011, input B = 00010101011010010111000001010011, output OUT = 00101001110110101011110000000101
# FP_Mult: input A = 2.060507e+12, input B = 4.714258e-26, output OUT = 9.713761e-14
# FP_Mult: input A = 01010011111011111101111111100011, input B = 00010101011010010111000001010011, output OUT = 00101001110110101011110000000101
# UVM_INFO @ 1145: uvm_test_top.env_h.comp [Comparator Match] 
# refmod: input A = 2.361242e-35, input B = 4.112360e+32, output OUT = 9.710277e-03
# refmod: input A = 00000101111110110001011100100001, input B = 01110101101000100011010000111001, output OUT = 00111100000111110001011111011011
# FP_Mult: input A = 2.361242e-35, input B = 4.112360e+32, output OUT = 9.710277e-03
# FP_Mult: input A = 00000101111110110001011100100001, input B = 01110101101000100011010000111001, output OUT = 00111100000111110001011111011011
# UVM_INFO @ 1225: uvm_test_top.env_h.comp [Comparator Match] 
# refmod: input A = 2.016365e-05, input B = 4.082639e-22, output OUT = 8.232092e-27
# refmod: input A = 00110111101010010010010100011110, input B = 00011011111101101100011111000110, output OUT = 00010100001000110000110110101010
# FP_Mult: input A = 2.016365e-05, input B = 4.082639e-22, output OUT = 8.232092e-27
# FP_Mult: input A = 00110111101010010010010100011110, input B = 00011011111101101100011111000110, output OUT = 00010100001000110000110110101010
# UVM_INFO @ 1305: uvm_test_top.env_h.comp [Comparator Match] 
# refmod: input A = 3.455362e-07, input B = 1.366784e-16, output OUT = 4.722734e-23
# refmod: input A = 00110100101110011000001000100001, input B = 00100101000111011001010001011011, output OUT = 00011010011001000110000010011111
# FP_Mult: input A = 3.455362e-07, input B = 1.366784e-16, output OUT = 4.722734e-23
# FP_Mult: input A = 00110100101110011000001000100001, input B = 00100101000111011001010001011011, output OUT = 00011010011001000110000010011111
# UVM_INFO @ 1385: uvm_test_top.env_h.comp [Comparator Match] 
# refmod: input A = 2.332713e+18, input B = 4.641946e+00, output OUT = 1.082833e+19
# refmod: input A = 01011110000000010111110111011010, input B = 01000000100101001000101011010010, output OUT = 01011111000101100100010111110100
# FP_Mult: input A = 2.332713e+18, input B = 4.641946e+00, output OUT = 1.082833e+19
# FP_Mult: input A = 01011110000000010111110111011010, input B = 01000000100101001000101011010010, output OUT = 01011111000101100100010111110100
# UVM_INFO @ 1465: uvm_test_top.env_h.comp [Comparator Match] 
# refmod: input A = 2.166325e+22, input B = 1.056431e-22, output OUT = 2.288573e+00
# refmod: input A = 01100100100100101100101110111111, input B = 00011010111111110110110111101110, output OUT = 01000000000100100111011111111100
# FP_Mult: input A = 2.166325e+22, input B = 1.056431e-22, output OUT = 2.288573e+00
# FP_Mult: input A = 01100100100100101100101110111111, input B = 00011010111111110110110111101110, output OUT = 01000000000100100111011111111100
# UVM_INFO @ 1545: uvm_test_top.env_h.comp [Comparator Match] 
# refmod: input A = 8.661439e+05, input B = 1.866481e+34, output OUT = inf
# refmod: input A = 01001001010100110111010111111111, input B = 01111000011001100000111111000011, output OUT = 01111111100000000000000000000000
# FP_Mult: input A = 8.661439e+05, input B = 1.866481e+34, output OUT = inf
# FP_Mult: input A = 01001001010100110111010111111111, input B = 01111000011001100000111111000011, output OUT = 01111111100000000000000000000000
# UVM_INFO @ 1625: uvm_test_top.env_h.comp [Comparator Match] 
# refmod: input A = 2.723418e-21, input B = 4.141879e-37, output OUT = 0.000000e+00
# refmod: input A = 00011101010011011100011010010001, input B = 00000011000011001111000011011011, output OUT = 00000000000000000000000000000000
# FP_Mult: input A = 2.723418e-21, input B = 4.141879e-37, output OUT = 0.000000e+00
# FP_Mult: input A = 00011101010011011100011010010001, input B = 00000011000011001111000011011011, output OUT = 00000000000000000000000000000000
# UVM_INFO @ 1705: uvm_test_top.env_h.comp [Comparator Match] 
# refmod: input A = 3.725442e-22, input B = 6.344543e+09, output OUT = 2.363623e-12
# refmod: input A = 00011011111000010011000001101011, input B = 01001111101111010001010100000110, output OUT = 00101100001001100101001100111101
# FP_Mult: input A = 3.725442e-22, input B = 6.344543e+09, output OUT = 2.363623e-12
# FP_Mult: input A = 00011011111000010011000001101011, input B = 01001111101111010001010100000110, output OUT = 00101100001001100101001100111101
# UVM_INFO @ 1785: uvm_test_top.env_h.comp [Comparator Match] 
# refmod: input A = 3.237441e+07, input B = 3.101132e+36, output OUT = inf
# refmod: input A = 01001011111101101111111101000101, input B = 01111100000101010101000001100111, output OUT = 01111111100000000000000000000000
# FP_Mult: input A = 3.237441e+07, input B = 3.101132e+36, output OUT = inf
# FP_Mult: input A = 01001011111101101111111101000101, input B = 01111100000101010101000001100111, output OUT = 01111111100000000000000000000000
# UVM_INFO @ 1865: uvm_test_top.env_h.comp [Comparator Match] 
# refmod: input A = 3.149896e-15, input B = 9.251587e+21, output OUT = 2.914153e+07
# refmod: input A = 00100111011000101111100101010011, input B = 01100011111110101100001111000111, output OUT = 01001011110111100101010100001111
# FP_Mult: input A = 3.149896e-15, input B = 9.251587e+21, output OUT = 2.914153e+07
# FP_Mult: input A = 00100111011000101111100101010011, input B = 01100011111110101100001111000111, output OUT = 01001011110111100101010100001111
# UVM_INFO @ 1945: uvm_test_top.env_h.comp [Comparator Match] 
# refmod: input A = 1.138263e-06, input B = 5.696297e+24, output OUT = 6.483887e+18
# refmod: input A = 00110101100110001100011001101111, input B = 01101000100101101100011110011100, output OUT = 01011110101100111111011011001001
# FP_Mult: input A = 1.138263e-06, input B = 5.696297e+24, output OUT = 6.483887e+18
# FP_Mult: input A = 00110101100110001100011001101111, input B = 01101000100101101100011110011100, output OUT = 01011110101100111111011011001001
# UVM_INFO @ 2025: uvm_test_top.env_h.comp [Comparator Match] 
# refmod: input A = 7.784885e+25, input B = 3.088117e-31, output OUT = 2.404064e-05
# refmod: input A = 01101010100000001100101001000101, input B = 00001100110010000110111000100110, output OUT = 00110111110010011010101011100000
# FP_Mult: input A = 7.784885e+25, input B = 3.088117e-31, output OUT = 2.404064e-05
# FP_Mult: input A = 01101010100000001100101001000101, input B = 00001100110010000110111000100110, output OUT = 00110111110010011010101011100000
# UVM_INFO @ 2105: uvm_test_top.env_h.comp [Comparator Match] 
# refmod: input A = 6.511206e-05, input B = 8.200427e-26, output OUT = 5.339467e-30
# refmod: input A = 00111000100010001000110011000110, input B = 00010101110010110000100001100010, output OUT = 00001110110110001001100000110011
# FP_Mult: input A = 6.511206e-05, input B = 8.200427e-26, output OUT = 5.339467e-30
# FP_Mult: input A = 00111000100010001000110011000110, input B = 00010101110010110000100001100010, output OUT = 00001110110110001001100000110011
# UVM_INFO @ 2185: uvm_test_top.env_h.comp [Comparator Match] 
# refmod: input A = 2.975207e+25, input B = 6.124294e+11, output OUT = 1.822104e+37
# refmod: input A = 01101001110001001110000111110110, input B = 01010011000011101001011110100011, output OUT = 01111101010110110101001111101010
# FP_Mult: input A = 2.975207e+25, input B = 6.124294e+11, output OUT = 1.822104e+37
# FP_Mult: input A = 01101001110001001110000111110110, input B = 01010011000011101001011110100011, output OUT = 01111101010110110101001111101010
# UVM_INFO @ 2265: uvm_test_top.env_h.comp [Comparator Match] 
# refmod: input A = 1.922823e+36, input B = 1.453385e-03, output OUT = 2.794602e+33
# refmod: input A = 01111011101110010010100101000010, input B = 00111010101111100111111101111110, output OUT = 01110111000010011100100011010110
# FP_Mult: input A = 1.922823e+36, input B = 1.453385e-03, output OUT = 2.794602e+33
# FP_Mult: input A = 01111011101110010010100101000010, input B = 00111010101111100111111101111110, output OUT = 01110111000010011100100011010110
# UVM_INFO @ 2345: uvm_test_top.env_h.comp [Comparator Match] 
# refmod: input A = 4.787456e-25, input B = 1.344751e-01, output OUT = 6.437935e-26
# refmod: input A = 00010111000101000010101000100010, input B = 00111110000010011011001111010101, output OUT = 00010101100111110110010101000010
# FP_Mult: input A = 4.787456e-25, input B = 1.344751e-01, output OUT = 6.437935e-26
# FP_Mult: input A = 00010111000101000010101000100010, input B = 00111110000010011011001111010101, output OUT = 00010101100111110110010101000010
# UVM_INFO @ 2425: uvm_test_top.env_h.comp [Comparator Match] 
# refmod: input A = 1.150455e+33, input B = 9.247277e-35, output OUT = 1.063857e-01
# refmod: input A = 01110110011000101110001100011101, input B = 00000110111101011101010110110100, output OUT = 00111101110110011110000011000001
# FP_Mult: input A = 1.150455e+33, input B = 9.247277e-35, output OUT = 1.063857e-01
# FP_Mult: input A = 01110110011000101110001100011101, input B = 00000110111101011101010110110100, output OUT = 00111101110110011110000011000001
# UVM_INFO @ 2505: uvm_test_top.env_h.comp [Comparator Match] 
# refmod: input A = 1.905716e-10, input B = 1.724068e+03, output OUT = 3.285585e-07
# refmod: input A = 00101111010100011000100100100100, input B = 01000100110101111000001000101111, output OUT = 00110100101100000110010010111011
# FP_Mult: input A = 1.905716e-10, input B = 1.724068e+03, output OUT = 3.285585e-07
# FP_Mult: input A = 00101111010100011000100100100100, input B = 01000100110101111000001000101111, output OUT = 00110100101100000110010010111011
# UVM_INFO @ 2585: uvm_test_top.env_h.comp [Comparator Match] 
# refmod: input A = 7.454904e-06, input B = 7.321776e-14, output OUT = 5.458314e-19
# refmod: input A = 00110110111110100010010100100011, input B = 00101001101001001101111100101010, output OUT = 00100001001000010001100111011010
# FP_Mult: input A = 7.454904e-06, input B = 7.321776e-14, output OUT = 5.458314e-19
# FP_Mult: input A = 00110110111110100010010100100011, input B = 00101001101001001101111100101010, output OUT = 00100001001000010001100111011010
# UVM_INFO @ 2665: uvm_test_top.env_h.comp [Comparator Match] 
# refmod: input A = 3.354069e+17, input B = 2.884104e+24, output OUT = inf
# refmod: input A = 01011100100101001111001101011011, input B = 01101000000110001010111011100101, output OUT = 01111111100000000000000000000000
# FP_Mult: input A = 3.354069e+17, input B = 2.884104e+24, output OUT = inf
# FP_Mult: input A = 01011100100101001111001101011011, input B = 01101000000110001010111011100101, output OUT = 01111111100000000000000000000000
# UVM_INFO @ 2745: uvm_test_top.env_h.comp [Comparator Match] 
# refmod: input A = 2.936291e+32, input B = 1.124617e-18, output OUT = 3.302201e+14
# refmod: input A = 01110101011001111010000111101011, input B = 00100001101001011111011011010000, output OUT = 01010111100101100010101010101110
# FP_Mult: input A = 2.936291e+32, input B = 1.124617e-18, output OUT = 3.302201e+14
# FP_Mult: input A = 01110101011001111010000111101011, input B = 00100001101001011111011011010000, output OUT = 01010111100101100010101010101110
# UVM_INFO @ 2825: uvm_test_top.env_h.comp [Comparator Match] 
# refmod: input A = 1.143345e+24, input B = 1.196145e-12, output OUT = 1.367606e+12
# refmod: input A = 01100111011100100001110011011000, input B = 00101011101010000101011110101001, output OUT = 01010011100111110011010111010101
# FP_Mult: input A = 1.143345e+24, input B = 1.196145e-12, output OUT = 1.367606e+12
# FP_Mult: input A = 01100111011100100001110011011000, input B = 00101011101010000101011110101001, output OUT = 01010011100111110011010111010101
# UVM_INFO @ 2905: uvm_test_top.env_h.comp [Comparator Match] 
# refmod: input A = 8.857482e-30, input B = 2.133173e+19, output OUT = 1.889454e-10
# refmod: input A = 00001111001100111010011010101101, input B = 01011111100101000000010011000101, output OUT = 00101111010011111011111101101010
# FP_Mult: input A = 8.857482e-30, input B = 2.133173e+19, output OUT = 1.889454e-10
# FP_Mult: input A = 00001111001100111010011010101101, input B = 01011111100101000000010011000101, output OUT = 00101111010011111011111101101010
# UVM_INFO @ 2985: uvm_test_top.env_h.comp [Comparator Match] 
# refmod: input A = 1.479800e+21, input B = 8.288056e-01, output OUT = 1.226466e+21
# refmod: input A = 01100010101000000111000010110001, input B = 00111111010101000010110010011011, output OUT = 01100010100001001111100101000111
# FP_Mult: input A = 1.479800e+21, input B = 8.288056e-01, output OUT = 1.226466e+21
# FP_Mult: input A = 01100010101000000111000010110001, input B = 00111111010101000010110010011011, output OUT = 01100010100001001111100101000111
# UVM_INFO @ 3065: uvm_test_top.env_h.comp [Comparator Match] 
# refmod: input A = 5.396486e+26, input B = 6.979714e+06, output OUT = 3.766593e+33
# refmod: input A = 01101011110111110011000110000100, input B = 01001010110101010000000100000011, output OUT = 01110111001110011011010100010101
# FP_Mult: input A = 5.396486e+26, input B = 6.979714e+06, output OUT = 3.766593e+33
# FP_Mult: input A = 01101011110111110011000110000100, input B = 01001010110101010000000100000011, output OUT = 01110111001110011011010100010101
# UVM_INFO @ 3145: uvm_test_top.env_h.comp [Comparator Match] 
# refmod: input A = 7.133363e+20, input B = 2.948966e-09, output OUT = 2.103604e+12
# refmod: input A = 01100010000110101010111000011110, input B = 00110001010010101010011011000010, output OUT = 01010011111101001110010001001100
# FP_Mult: input A = 7.133363e+20, input B = 2.948966e-09, output OUT = 2.103604e+12
# FP_Mult: input A = 01100010000110101010111000011110, input B = 00110001010010101010011011000010, output OUT = 01010011111101001110010001001100
# UVM_INFO @ 3225: uvm_test_top.env_h.comp [Comparator Match] 
# refmod: input A = 5.246963e-29, input B = 1.178715e-36, output OUT = 0.000000e+00
# refmod: input A = 00010000100001010000011010111100, input B = 00000011110010001000110001000100, output OUT = 00000000000000000000000000000000
# FP_Mult: input A = 5.246963e-29, input B = 1.178715e-36, output OUT = 0.000000e+00
# FP_Mult: input A = 00010000100001010000011010111100, input B = 00000011110010001000110001000100, output OUT = 00000000000000000000000000000000
# UVM_INFO @ 3305: uvm_test_top.env_h.comp [Comparator Match] 
# refmod: input A = 5.987308e+01, input B = 1.458995e+35, output OUT = 8.735451e+36
# refmod: input A = 01000010011011110111111000001001, input B = 01111001111000001100101100110001, output OUT = 01111100110100100100110001011111
# FP_Mult: input A = 5.987308e+01, input B = 1.458995e+35, output OUT = 8.735451e+36
# FP_Mult: input A = 01000010011011110111111000001001, input B = 01111001111000001100101100110001, output OUT = 01111100110100100100110001011111
# UVM_INFO @ 3385: uvm_test_top.env_h.comp [Comparator Match] 
# refmod: input A = 2.464297e+38, input B = 1.538152e+34, output OUT = inf
# refmod: input A = 01111111001110010110010010100100, input B = 01111000001111011001011110000010, output OUT = 01111111100000000000000000000000
# FP_Mult: input A = 2.464297e+38, input B = 1.538152e+34, output OUT = inf
# FP_Mult: input A = 01111111001110010110010010100100, input B = 01111000001111011001011110000010, output OUT = 01111111100000000000000000000000
# UVM_INFO @ 3465: uvm_test_top.env_h.comp [Comparator Match] 
# refmod: input A = 3.981684e+31, input B = 8.858744e-03, output OUT = 3.527272e+29
# refmod: input A = 01110011111110110100011110010010, input B = 00111100000100010010010001000100, output OUT = 01110000100011100111011100100011
# FP_Mult: input A = 3.981684e+31, input B = 8.858744e-03, output OUT = 3.527272e+29
# FP_Mult: input A = 01110011111110110100011110010010, input B = 00111100000100010010010001000100, output OUT = 01110000100011100111011100100011
# UVM_INFO @ 3545: uvm_test_top.env_h.comp [Comparator Match] 
# refmod: input A = 7.639368e+29, input B = 1.117258e+05, output OUT = 8.535147e+34
# refmod: input A = 01110001000110100100011010011011, input B = 01000111110110100011011011101010, output OUT = 01111001100000111000000100111000
# FP_Mult: input A = 7.639368e+29, input B = 1.117258e+05, output OUT = 8.535147e+34
# FP_Mult: input A = 01110001000110100100011010011011, input B = 01000111110110100011011011101010, output OUT = 01111001100000111000000100111000
# UVM_INFO @ 3625: uvm_test_top.env_h.comp [Comparator Match] 
# refmod: input A = 3.850486e+25, input B = 2.585103e-31, output OUT = 9.953900e-06
# refmod: input A = 01101001111111101100110111000011, input B = 00001100101001111100100001100010, output OUT = 00110111001001101111111110101101
# FP_Mult: input A = 3.850486e+25, input B = 2.585103e-31, output OUT = 9.953900e-06
# FP_Mult: input A = 01101001111111101100110111000011, input B = 00001100101001111100100001100010, output OUT = 00110111001001101111111110101101
# UVM_INFO @ 3705: uvm_test_top.env_h.comp [Comparator Match] 
# refmod: input A = 4.177122e+29, input B = 2.754025e+01, output OUT = 1.150390e+31
# refmod: input A = 01110000101010001011011001101110, input B = 01000001110111000101001001110001, output OUT = 01110011000100010011001100011011
# FP_Mult: input A = 4.177122e+29, input B = 2.754025e+01, output OUT = 1.150390e+31
# FP_Mult: input A = 01110000101010001011011001101110, input B = 01000001110111000101001001110001, output OUT = 01110011000100010011001100011011
# UVM_INFO @ 3785: uvm_test_top.env_h.comp [Comparator Match] 
# refmod: input A = 5.928495e+25, input B = 2.077513e+08, output OUT = 1.231652e+34
# refmod: input A = 01101010010001000010100001001110, input B = 01001101010001100010000010000111, output OUT = 01111000000101111101000000011001
# FP_Mult: input A = 5.928495e+25, input B = 2.077513e+08, output OUT = 1.231652e+34
# FP_Mult: input A = 01101010010001000010100001001110, input B = 01001101010001100010000010000111, output OUT = 01111000000101111101000000011001
# UVM_INFO @ 3865: uvm_test_top.env_h.comp [Comparator Match] 
# refmod: input A = 4.491314e+13, input B = 8.612374e+14, output OUT = 3.868088e+28
# refmod: input A = 01010110001000110110010010100000, input B = 01011000010000111101001010011110, output OUT = 01101110111110011111100000100111
# FP_Mult: input A = 4.491314e+13, input B = 8.612374e+14, output OUT = 3.868088e+28
# FP_Mult: input A = 01010110001000110110010010100000, input B = 01011000010000111101001010011110, output OUT = 01101110111110011111100000100111
# UVM_INFO @ 3945: uvm_test_top.env_h.comp [Comparator Match] 
# refmod: input A = 9.980852e+01, input B = 2.472257e+00, output OUT = 2.467523e+02
# refmod: input A = 01000010110001111001110111110110, input B = 01000000000111100011100101110100, output OUT = 01000011011101101100000010010101
# FP_Mult: input A = 9.980852e+01, input B = 2.472257e+00, output OUT = 2.467523e+02
# FP_Mult: input A = 01000010110001111001110111110110, input B = 01000000000111100011100101110100, output OUT = 01000011011101101100000010010101
# UVM_INFO @ 4025: uvm_test_top.env_h.comp [Comparator Match] 
# refmod: input A = 1.154365e+02, input B = 2.733218e+29, output OUT = 3.155132e+31
# refmod: input A = 01000010111001101101111110000001, input B = 01110000010111001100100110100001, output OUT = 01110011110001110001110111101010
# FP_Mult: input A = 1.154365e+02, input B = 2.733218e+29, output OUT = 3.155132e+31
# FP_Mult: input A = 01000010111001101101111110000001, input B = 01110000010111001100100110100001, output OUT = 01110011110001110001110111101010
# UVM_INFO @ 4105: uvm_test_top.env_h.comp [Comparator Match] 
# refmod: input A = 2.242434e-01, input B = 1.065466e-23, output OUT = 2.389237e-24
# refmod: input A = 00111110011001011010000000001101, input B = 00011001010011100001011101010010, output OUT = 00011000001110001101101110110101
# FP_Mult: input A = 2.242434e-01, input B = 1.065466e-23, output OUT = 2.389237e-24
# FP_Mult: input A = 00111110011001011010000000001101, input B = 00011001010011100001011101010010, output OUT = 00011000001110001101101110110101
# UVM_INFO @ 4185: uvm_test_top.env_h.comp [Comparator Match] 
# refmod: input A = 2.166053e+15, input B = 4.920812e-01, output OUT = 1.065874e+15
# refmod: input A = 01011000111101100100000001110000, input B = 00111110111110111111001000010000, output OUT = 01011000011100100101101000000110
# FP_Mult: input A = 2.166053e+15, input B = 4.920812e-01, output OUT = 1.065874e+15
# FP_Mult: input A = 01011000111101100100000001110000, input B = 00111110111110111111001000010000, output OUT = 01011000011100100101101000000110
# UVM_INFO @ 4265: uvm_test_top.env_h.comp [Comparator Match] 
# refmod: input A = 6.510233e-37, input B = 4.092254e-21, output OUT = 0.000000e+00
# refmod: input A = 00000011010111011000100000100001, input B = 00011101100110101001100111011011, output OUT = 00000000000000000000000000000000
# FP_Mult: input A = 6.510233e-37, input B = 4.092254e-21, output OUT = 0.000000e+00
# FP_Mult: input A = 00000011010111011000100000100001, input B = 00011101100110101001100111011011, output OUT = 00000000000000000000000000000000
# UVM_INFO @ 4345: uvm_test_top.env_h.comp [Comparator Match] 
# refmod: input A = 4.036168e-36, input B = 3.057107e-25, output OUT = 0.000000e+00
# refmod: input A = 00000100101010111010110111111001, input B = 00010110101111010011100111001100, output OUT = 00000000000000000000000000000000
# FP_Mult: input A = 4.036168e-36, input B = 3.057107e-25, output OUT = 0.000000e+00
# FP_Mult: input A = 00000100101010111010110111111001, input B = 00010110101111010011100111001100, output OUT = 00000000000000000000000000000000
# UVM_INFO @ 4425: uvm_test_top.env_h.comp [Comparator Match] 
# refmod: input A = 1.494312e+32, input B = 4.430730e+09, output OUT = inf
# refmod: input A = 01110100111010111100001011001101, input B = 01001111100001000000101111001001, output OUT = 01111111100000000000000000000000
# FP_Mult: input A = 1.494312e+32, input B = 4.430730e+09, output OUT = inf
# FP_Mult: input A = 01110100111010111100001011001101, input B = 01001111100001000000101111001001, output OUT = 01111111100000000000000000000000
# UVM_INFO @ 4505: uvm_test_top.env_h.comp [Comparator Match] 
# refmod: input A = 1.989189e-01, input B = 2.558029e+04, output OUT = 5.088402e+03
# refmod: input A = 00111110010010111011000101100011, input B = 01000110110001111101100010010011, output OUT = 01000101100111110000001100110111
# FP_Mult: input A = 1.989189e-01, input B = 2.558029e+04, output OUT = 5.088402e+03
# FP_Mult: input A = 00111110010010111011000101100011, input B = 01000110110001111101100010010011, output OUT = 01000101100111110000001100110111
# UVM_INFO @ 4585: uvm_test_top.env_h.comp [Comparator Match] 
# refmod: input A = 5.717719e-05, input B = 1.034685e-29, output OUT = 5.916038e-34
# refmod: input A = 00111000011011111101000110001001, input B = 00001111010100011101101111101100, output OUT = 00001000010001001001100000010110
# FP_Mult: input A = 5.717719e-05, input B = 1.034685e-29, output OUT = 5.916038e-34
# FP_Mult: input A = 00111000011011111101000110001001, input B = 00001111010100011101101111101100, output OUT = 00001000010001001001100000010110
# UVM_INFO @ 4665: uvm_test_top.env_h.comp [Comparator Match] 
# refmod: input A = 1.209020e+11, input B = 3.294125e-09, output OUT = 3.982662e+02
# refmod: input A = 01010001111000010011001010001100, input B = 00110001011000100101111011011101, output OUT = 01000011110001110010001000010011
# FP_Mult: input A = 1.209020e+11, input B = 3.294125e-09, output OUT = 3.982662e+02
# FP_Mult: input A = 01010001111000010011001010001100, input B = 00110001011000100101111011011101, output OUT = 01000011110001110010001000010011
# UVM_INFO @ 4745: uvm_test_top.env_h.comp [Comparator Match] 
# refmod: input A = 5.324834e+04, input B = 2.185123e+24, output OUT = 1.163542e+29
# refmod: input A = 01000111010100000000000001011000, input B = 01100111111001110101101111011110, output OUT = 01101111101110111111101011110100
# FP_Mult: input A = 5.324834e+04, input B = 2.185123e+24, output OUT = 1.163542e+29
# FP_Mult: input A = 01000111010100000000000001011000, input B = 01100111111001110101101111011110, output OUT = 01101111101110111111101011110100
# UVM_INFO @ 4825: uvm_test_top.env_h.comp [Comparator Match] 
# refmod: input A = 2.926532e-07, input B = 7.520326e+04, output OUT = 2.200848e-02
# refmod: input A = 00110100100111010001110111110100, input B = 01000111100100101110000110100001, output OUT = 00111100101101000100101100011111
# FP_Mult: input A = 2.926532e-07, input B = 7.520326e+04, output OUT = 2.200848e-02
# FP_Mult: input A = 00110100100111010001110111110100, input B = 01000111100100101110000110100001, output OUT = 00111100101101000100101100011111
# UVM_INFO @ 4905: uvm_test_top.env_h.comp [Comparator Match] 
# refmod: input A = 7.902314e+25, input B = 4.306538e+24, output OUT = inf
# refmod: input A = 01101010100000101011101110011010, input B = 01101000011000111111110001111010, output OUT = 01111111100000000000000000000000
# FP_Mult: input A = 7.902314e+25, input B = 4.306538e+24, output OUT = inf
# FP_Mult: input A = 01101010100000101011101110011010, input B = 01101000011000111111110001111010, output OUT = 01111111100000000000000000000000
# UVM_INFO @ 4985: uvm_test_top.env_h.comp [Comparator Match] 
# refmod: input A = 6.069884e-04, input B = 9.851460e+11, output OUT = 5.979722e+08
# refmod: input A = 00111010000111110001111001001101, input B = 01010011011001010101111101000111, output OUT = 01001110000011101001000101010011
# FP_Mult: input A = 6.069884e-04, input B = 9.851460e+11, output OUT = 5.979722e+08
# FP_Mult: input A = 00111010000111110001111001001101, input B = 01010011011001010101111101000111, output OUT = 01001110000011101001000101010011
# UVM_INFO @ 5065: uvm_test_top.env_h.comp [Comparator Match] 
# refmod: input A = 5.578378e+30, input B = 1.582948e-19, output OUT = 8.830285e+11
# refmod: input A = 01110010100011001101000101101101, input B = 00100000001110101110000110101101, output OUT = 01010011010011011001100010011001
# FP_Mult: input A = 5.578378e+30, input B = 1.582948e-19, output OUT = 8.830285e+11
# FP_Mult: input A = 01110010100011001101000101101101, input B = 00100000001110101110000110101101, output OUT = 01010011010011011001100010011001
# UVM_INFO @ 5145: uvm_test_top.env_h.comp [Comparator Match] 
# refmod: input A = 1.946255e+34, input B = 1.653582e-34, output OUT = 3.218292e+00
# refmod: input A = 01111000011011111110010011111010, input B = 00000111010110111100110001111101, output OUT = 01000000010011011111100010000001
# FP_Mult: input A = 1.946255e+34, input B = 1.653582e-34, output OUT = 3.218292e+00
# FP_Mult: input A = 01111000011011111110010011111010, input B = 00000111010110111100110001111101, output OUT = 01000000010011011111100010000001
# UVM_INFO @ 5225: uvm_test_top.env_h.comp [Comparator Match] 
# refmod: input A = 2.216730e-16, input B = 7.987859e+29, output OUT = 1.770693e+14
# refmod: input A = 00100101011111111001001001010100, input B = 01110001001000010101000001000011, output OUT = 01010111001000010000101100100111
# FP_Mult: input A = 2.216730e-16, input B = 7.987859e+29, output OUT = 1.770693e+14
# FP_Mult: input A = 00100101011111111001001001010100, input B = 01110001001000010101000001000011, output OUT = 01010111001000010000101100100111
# UVM_INFO @ 5305: uvm_test_top.env_h.comp [Comparator Match] 
# refmod: input A = 3.774808e-05, input B = 2.588123e+37, output OUT = 9.769666e+32
# refmod: input A = 00111000000111100101001110110000, input B = 01111101100110111100010001011001, output OUT = 01110110010000001010110000110101
# FP_Mult: input A = 3.774808e-05, input B = 2.588123e+37, output OUT = 9.769666e+32
# FP_Mult: input A = 00111000000111100101001110110000, input B = 01111101100110111100010001011001, output OUT = 01110110010000001010110000110101
# UVM_INFO @ 5385: uvm_test_top.env_h.comp [Comparator Match] 
# refmod: input A = 2.201838e-27, input B = 2.092837e+36, output OUT = 4.608089e+09
# refmod: input A = 00010011001011100111001010010101, input B = 01111011110010011000100001101101, output OUT = 01001111100010010101010011101110
# FP_Mult: input A = 2.201838e-27, input B = 2.092837e+36, output OUT = 4.608089e+09
# FP_Mult: input A = 00010011001011100111001010010101, input B = 01111011110010011000100001101101, output OUT = 01001111100010010101010011101110
# UVM_INFO @ 5465: uvm_test_top.env_h.comp [Comparator Match] 
# refmod: input A = 5.650065e+26, input B = 2.450882e-15, output OUT = 1.384765e+12
# refmod: input A = 01101011111010011010111001100101, input B = 00100111001100001001101011001100, output OUT = 01010011101000010011010100110011
# FP_Mult: input A = 5.650065e+26, input B = 2.450882e-15, output OUT = 1.384765e+12
# FP_Mult: input A = 01101011111010011010111001100101, input B = 00100111001100001001101011001100, output OUT = 01010011101000010011010100110011
# UVM_INFO @ 5545: uvm_test_top.env_h.comp [Comparator Match] 
# refmod: input A = 3.465470e-26, input B = 1.086609e-11, output OUT = 3.765610e-37
# refmod: input A = 00010101001010111001101000001101, input B = 00101101001111110010100010000010, output OUT = 00000011000000000010001100010111
# FP_Mult: input A = 3.465470e-26, input B = 1.086609e-11, output OUT = 3.765610e-37
# FP_Mult: input A = 00010101001010111001101000001101, input B = 00101101001111110010100010000010, output OUT = 00000011000000000010001100010111
# UVM_INFO @ 5625: uvm_test_top.env_h.comp [Comparator Match] 
# refmod: input A = 4.796927e+20, input B = 1.182171e+02, output OUT = 5.670786e+22
# refmod: input A = 01100001110100000000100010010110, input B = 01000010111011000110111100100100, output OUT = 01100101010000000010001000111011
# FP_Mult: input A = 4.796927e+20, input B = 1.182171e+02, output OUT = 5.670786e+22
# FP_Mult: input A = 01100001110100000000100010010110, input B = 01000010111011000110111100100100, output OUT = 01100101010000000010001000111011
# UVM_INFO @ 5705: uvm_test_top.env_h.comp [Comparator Match] 
# refmod: input A = 3.228996e+33, input B = 1.007727e+12, output OUT = inf
# refmod: input A = 01110111000111110011001110101001, input B = 01010011011010101010000100111100, output OUT = 01111111100000000000000000000000
# FP_Mult: input A = 3.228996e+33, input B = 1.007727e+12, output OUT = inf
# FP_Mult: input A = 01110111000111110011001110101001, input B = 01010011011010101010000100111100, output OUT = 01111111100000000000000000000000
# UVM_INFO @ 5785: uvm_test_top.env_h.comp [Comparator Match] 
# refmod: input A = 1.454582e+06, input B = 1.819065e+30, output OUT = 2.645979e+36
# refmod: input A = 01001001101100011000111110101110, input B = 01110001101101111010110110111001, output OUT = 01111011111111101100110001101000
# FP_Mult: input A = 1.454582e+06, input B = 1.819065e+30, output OUT = 2.645979e+36
# FP_Mult: input A = 01001001101100011000111110101110, input B = 01110001101101111010110110111001, output OUT = 01111011111111101100110001101000
# UVM_INFO @ 5865: uvm_test_top.env_h.comp [Comparator Match] 
# refmod: input A = 2.205663e-37, input B = 9.715139e+02, output OUT = 2.142832e-34
# refmod: input A = 00000010100101100001110000010010, input B = 01000100011100101110000011100100, output OUT = 00000111100011100110101001100111
# FP_Mult: input A = 2.205663e-37, input B = 9.715139e+02, output OUT = 2.142832e-34
# FP_Mult: input A = 00000010100101100001110000010010, input B = 01000100011100101110000011100100, output OUT = 00000111100011100110101001100111
# UVM_INFO @ 5945: uvm_test_top.env_h.comp [Comparator Match] 
# refmod: input A = 3.097798e-06, input B = 3.284285e-06, output OUT = 1.017405e-11
# refmod: input A = 00110110010011111110001111000100, input B = 00110110010111000110011110010101, output OUT = 00101101001100101111101111011010
# FP_Mult: input A = 3.097798e-06, input B = 3.284285e-06, output OUT = 1.017405e-11
# FP_Mult: input A = 00110110010011111110001111000100, input B = 00110110010111000110011110010101, output OUT = 00101101001100101111101111011010
# UVM_INFO @ 6025: uvm_test_top.env_h.comp [Comparator Match] 
# refmod: input A = 8.581767e+21, input B = 3.321687e+06, output OUT = 2.850594e+28
# refmod: input A = 01100011111010001001101111111000, input B = 01001010010010101011110101011100, output OUT = 01101110101110000011011100100000
# FP_Mult: input A = 8.581767e+21, input B = 3.321687e+06, output OUT = 2.850594e+28
# FP_Mult: input A = 01100011111010001001101111111000, input B = 01001010010010101011110101011100, output OUT = 01101110101110000011011100100000
# UVM_INFO @ 6105: uvm_test_top.env_h.comp [Comparator Match] 
# refmod: input A = 2.361600e-04, input B = 2.001940e-21, output OUT = 4.727783e-25
# refmod: input A = 00111001011101111010000110111010, input B = 00011101000101110100001100101000, output OUT = 00010111000100100101000101011011
# FP_Mult: input A = 2.361600e-04, input B = 2.001940e-21, output OUT = 4.727783e-25
# FP_Mult: input A = 00111001011101111010000110111010, input B = 00011101000101110100001100101000, output OUT = 00010111000100100101000101011011
# UVM_INFO @ 6185: uvm_test_top.env_h.comp [Comparator Match] 
# refmod: input A = 1.577917e-12, input B = 6.625281e-26, output OUT = 1.045415e-37
# refmod: input A = 00101011110111100001001001110110, input B = 00010101101001000000100010110101, output OUT = 00000010000011100100101101100001
# FP_Mult: input A = 1.577917e-12, input B = 6.625281e-26, output OUT = 1.045415e-37
# FP_Mult: input A = 00101011110111100001001001110110, input B = 00010101101001000000100010110101, output OUT = 00000010000011100100101101100001
# UVM_INFO @ 6265: uvm_test_top.env_h.comp [Comparator Match] 
# refmod: input A = 2.201258e+31, input B = 1.230255e-27, output OUT = 2.708108e+04
# refmod: input A = 01110011100010101110101100111110, input B = 00010010110000101111000100010000, output OUT = 01000110110100111001001000101010
# FP_Mult: input A = 2.201258e+31, input B = 1.230255e-27, output OUT = 2.708108e+04
# FP_Mult: input A = 01110011100010101110101100111110, input B = 00010010110000101111000100010000, output OUT = 01000110110100111001001000101010
# UVM_INFO @ 6345: uvm_test_top.env_h.comp [Comparator Match] 
# refmod: input A = 9.444873e+35, input B = 1.501678e-18, output OUT = 1.418315e+18
# refmod: input A = 01111011001101011110011011010010, input B = 00100001110111011001101111000110, output OUT = 01011101100111010111011011110011
# FP_Mult: input A = 9.444873e+35, input B = 1.501678e-18, output OUT = 1.418315e+18
# FP_Mult: input A = 01111011001101011110011011010010, input B = 00100001110111011001101111000110, output OUT = 01011101100111010111011011110011
# UVM_INFO @ 6425: uvm_test_top.env_h.comp [Comparator Match] 
# refmod: input A = 1.653821e+28, input B = 1.117207e+21, output OUT = inf
# refmod: input A = 01101110010101011100000001010111, input B = 01100010011100100100000101101100, output OUT = 01111111100000000000000000000000
# FP_Mult: input A = 1.653821e+28, input B = 1.117207e+21, output OUT = inf
# FP_Mult: input A = 01101110010101011100000001010111, input B = 01100010011100100100000101101100, output OUT = 01111111100000000000000000000000
# UVM_INFO @ 6505: uvm_test_top.env_h.comp [Comparator Match] 
# refmod: input A = 6.810331e-12, input B = 5.529891e-07, output OUT = 3.766039e-18
# refmod: input A = 00101100111011111001111000000010, input B = 00110101000101000111000100011111, output OUT = 00100010100010101111000100111011
# FP_Mult: input A = 6.810331e-12, input B = 5.529891e-07, output OUT = 3.766039e-18
# FP_Mult: input A = 00101100111011111001111000000010, input B = 00110101000101000111000100011111, output OUT = 00100010100010101111000100111011
# UVM_INFO @ 6585: uvm_test_top.env_h.comp [Comparator Match] 
# refmod: input A = 3.510264e-16, input B = 2.930028e+12, output OUT = 1.028517e-03
# refmod: input A = 00100101110010100101101001011100, input B = 01010100001010101000110011010000, output OUT = 00111010100001101100111101001111
# FP_Mult: input A = 3.510264e-16, input B = 2.930028e+12, output OUT = 1.028517e-03
# FP_Mult: input A = 00100101110010100101101001011100, input B = 01010100001010101000110011010000, output OUT = 00111010100001101100111101001111
# UVM_INFO @ 6665: uvm_test_top.env_h.comp [Comparator Match] 
# refmod: input A = 1.685405e+15, input B = 4.370021e-22, output OUT = 7.365254e-07
# refmod: input A = 01011000101111111001101110111100, input B = 00011100000001000001001101100110, output OUT = 00110101010001011011010110100100
# FP_Mult: input A = 1.685405e+15, input B = 4.370021e-22, output OUT = 7.365254e-07
# FP_Mult: input A = 01011000101111111001101110111100, input B = 00011100000001000001001101100110, output OUT = 00110101010001011011010110100100
# UVM_INFO @ 6745: uvm_test_top.env_h.comp [Comparator Match] 
# refmod: input A = 4.384478e-11, input B = 2.560987e+20, output OUT = 1.122859e+10
# refmod: input A = 00101110010000001101010011010101, input B = 01100001010111100010000101010011, output OUT = 01010000001001110101000110101011
# FP_Mult: input A = 4.384478e-11, input B = 2.560987e+20, output OUT = 1.122859e+10
# FP_Mult: input A = 00101110010000001101010011010101, input B = 01100001010111100010000101010011, output OUT = 01010000001001110101000110101011
# UVM_INFO @ 6825: uvm_test_top.env_h.comp [Comparator Match] 
# refmod: input A = 4.540910e-04, input B = 4.314813e+22, output OUT = 1.959318e+19
# refmod: input A = 00111001111011100001001100001111, input B = 01100101000100100011000100001010, output OUT = 01011111100001111111010001111010
# FP_Mult: input A = 4.540910e-04, input B = 4.314813e+22, output OUT = 1.959318e+19
# FP_Mult: input A = 00111001111011100001001100001111, input B = 01100101000100100011000100001010, output OUT = 01011111100001111111010001111010
# UVM_INFO @ 6905: uvm_test_top.env_h.comp [Comparator Match] 
# refmod: input A = 1.503414e+31, input B = 4.394541e-03, output OUT = 6.606816e+28
# refmod: input A = 01110011001111011100000111110001, input B = 00111011100100000000000000010100, output OUT = 01101111010101010111101001001101
# FP_Mult: input A = 1.503414e+31, input B = 4.394541e-03, output OUT = 6.606816e+28
# FP_Mult: input A = 01110011001111011100000111110001, input B = 00111011100100000000000000010100, output OUT = 01101111010101010111101001001101
# UVM_INFO @ 6985: uvm_test_top.env_h.comp [Comparator Match] 
# refmod: input A = 2.226749e-34, input B = 2.269300e+21, output OUT = 5.053161e-13
# refmod: input A = 00000111100100111111111000101011, input B = 01100010111101100000100110111001, output OUT = 00101011000011100011101111011100
# FP_Mult: input A = 2.226749e-34, input B = 2.269300e+21, output OUT = 5.053161e-13
# FP_Mult: input A = 00000111100100111111111000101011, input B = 01100010111101100000100110111001, output OUT = 00101011000011100011101111011100
# UVM_INFO @ 7065: uvm_test_top.env_h.comp [Comparator Match] 
# refmod: input A = 1.978671e-32, input B = 2.187282e+19, output OUT = 4.327912e-13
# refmod: input A = 00001010110011010111101000011010, input B = 01011111100101111100010111101111, output OUT = 00101010111100111010001111001000
# FP_Mult: input A = 1.978671e-32, input B = 2.187282e+19, output OUT = 4.327912e-13
# FP_Mult: input A = 00001010110011010111101000011010, input B = 01011111100101111100010111101111, output OUT = 00101010111100111010001111001000
# UVM_INFO @ 7145: uvm_test_top.env_h.comp [Comparator Match] 
# refmod: input A = 3.234727e+23, input B = 2.497593e-18, output OUT = 8.079033e+05
# refmod: input A = 01100110100010001111111011111011, input B = 00100010001110000100101000110101, output OUT = 01001001010001010011110111110101
# FP_Mult: input A = 3.234727e+23, input B = 2.497593e-18, output OUT = 8.079033e+05
# FP_Mult: input A = 01100110100010001111111011111011, input B = 00100010001110000100101000110101, output OUT = 01001001010001010011110111110101
# UVM_INFO @ 7225: uvm_test_top.env_h.comp [Comparator Match] 
# refmod: input A = 2.156681e+28, input B = 2.549124e-05, output OUT = 5.497647e+23
# refmod: input A = 01101110100010110101111101001100, input B = 00110111110101011101011000000100, output OUT = 01100110111010001101010110011100
# FP_Mult: input A = 2.156681e+28, input B = 2.549124e-05, output OUT = 5.497647e+23
# FP_Mult: input A = 01101110100010110101111101001100, input B = 00110111110101011101011000000100, output OUT = 01100110111010001101010110011100
# UVM_INFO @ 7305: uvm_test_top.env_h.comp [Comparator Match] 
# refmod: input A = 2.392735e+27, input B = 1.360574e-37, output OUT = 3.255492e-10
# refmod: input A = 01101100111101110110011100101000, input B = 00000010001110010011000100010101, output OUT = 00101111101100101111100011111011
# FP_Mult: input A = 2.392735e+27, input B = 1.360574e-37, output OUT = 3.255492e-10
# FP_Mult: input A = 01101100111101110110011100101000, input B = 00000010001110010011000100010101, output OUT = 00101111101100101111100011111011
# UVM_INFO @ 7385: uvm_test_top.env_h.comp [Comparator Match] 
# refmod: input A = 8.621706e+12, input B = 3.386550e-21, output OUT = 2.919784e-08
# refmod: input A = 01010100111110101110110010111000, input B = 00011101011111111110000101101000, output OUT = 00110010111110101100111010111011
# FP_Mult: input A = 8.621706e+12, input B = 3.386550e-21, output OUT = 2.919784e-08
# FP_Mult: input A = 01010100111110101110110010111000, input B = 00011101011111111110000101101000, output OUT = 00110010111110101100111010111011
# UVM_INFO @ 7465: uvm_test_top.env_h.comp [Comparator Match] 
# refmod: input A = 1.246902e-08, input B = 1.941263e-15, output OUT = 2.420564e-23
# refmod: input A = 00110010010101100011011101010010, input B = 00100111000010111110000111111011, output OUT = 00011001111010100001101001000100
# FP_Mult: input A = 1.246902e-08, input B = 1.941263e-15, output OUT = 2.420564e-23
# FP_Mult: input A = 00110010010101100011011101010010, input B = 00100111000010111110000111111011, output OUT = 00011001111010100001101001000100
# UVM_INFO @ 7545: uvm_test_top.env_h.comp [Comparator Match] 
# refmod: input A = 3.288537e-01, input B = 1.178818e+10, output OUT = 3.876585e+09
# refmod: input A = 00111110101010000101111110000011, input B = 01010000001011111010100001010010, output OUT = 01001111011001110000111111111110
# FP_Mult: input A = 3.288537e-01, input B = 1.178818e+10, output OUT = 3.876585e+09
# FP_Mult: input A = 00111110101010000101111110000011, input B = 01010000001011111010100001010010, output OUT = 01001111011001110000111111111110
# UVM_INFO @ 7625: uvm_test_top.env_h.comp [Comparator Match] 
# refmod: input A = 2.840772e-21, input B = 7.569046e+21, output OUT = 2.150193e+01
# refmod: input A = 00011101010101101010010010000101, input B = 01100011110011010010100011001110, output OUT = 01000001101011000000001111110101
# FP_Mult: input A = 2.840772e-21, input B = 7.569046e+21, output OUT = 2.150193e+01
# FP_Mult: input A = 00011101010101101010010010000101, input B = 01100011110011010010100011001110, output OUT = 01000001101011000000001111110101
# UVM_INFO @ 7705: uvm_test_top.env_h.comp [Comparator Match] 
# refmod: input A = 3.391874e-13, input B = 1.028044e+15, output OUT = 3.486996e+02
# refmod: input A = 00101010101111101111001000001111, input B = 01011000011010011100000000001000, output OUT = 01000011101011100101100110001011
# FP_Mult: input A = 3.391874e-13, input B = 1.028044e+15, output OUT = 3.486996e+02
# FP_Mult: input A = 00101010101111101111001000001111, input B = 01011000011010011100000000001000, output OUT = 01000011101011100101100110001011
# UVM_INFO @ 7785: uvm_test_top.env_h.comp [Comparator Match] 
# refmod: input A = 1.010819e+04, input B = 6.721654e+19, output OUT = 6.794373e+23
# refmod: input A = 01000110000111011111000010111110, input B = 01100000011010010011010001000111, output OUT = 01100111000011111110000001011110
# FP_Mult: input A = 1.010819e+04, input B = 6.721654e+19, output OUT = 6.794373e+23
# FP_Mult: input A = 01000110000111011111000010111110, input B = 01100000011010010011010001000111, output OUT = 01100111000011111110000001011110
# UVM_INFO @ 7865: uvm_test_top.env_h.comp [Comparator Match] 
# refmod: input A = 3.182059e+07, input B = 1.258865e+07, output OUT = 4.005783e+14
# refmod: input A = 01001011111100101100010110010110, input B = 01001011010000000001011001101011, output OUT = 01010111101101100010100101110011
# FP_Mult: input A = 3.182059e+07, input B = 1.258865e+07, output OUT = 4.005783e+14
# FP_Mult: input A = 01001011111100101100010110010110, input B = 01001011010000000001011001101011, output OUT = 01010111101101100010100101110011
# UVM_INFO @ 7945: uvm_test_top.env_h.comp [Comparator Match] 
# refmod: input A = 1.692020e-34, input B = 6.310757e-34, output OUT = 0.000000e+00
# refmod: input A = 00000111011000001110100001111001, input B = 00001000010100011011010111111100, output OUT = 00000000000000000000000000000000
# FP_Mult: input A = 1.692020e-34, input B = 6.310757e-34, output OUT = 0.000000e+00
# FP_Mult: input A = 00000111011000001110100001111001, input B = 00001000010100011011010111111100, output OUT = 00000000000000000000000000000000
# UVM_INFO @ 8025: uvm_test_top.env_h.comp [Comparator Match] 
# refmod: input A = 4.064212e+05, input B = 6.156026e-05, output OUT = 2.501940e+01
# refmod: input A = 01001000110001100111001010101000, input B = 00111000100000010001100111101010, output OUT = 01000001110010000010011110111010
# FP_Mult: input A = 4.064212e+05, input B = 6.156026e-05, output OUT = 2.501940e+01
# FP_Mult: input A = 01001000110001100111001010101000, input B = 00111000100000010001100111101010, output OUT = 01000001110010000010011110111010
# UVM_INFO @ 8105: uvm_test_top.env_h.comp [Comparator Match] 
# UVM_INFO verilog_src/uvm-1.1d/src/base/uvm_objection.svh(1267) @ 8105: reporter [TEST_DONE] 'run' phase is ready to proceed to the 'extract' phase
# UVM_INFO ../tb/env.sv(42) @ 8105: uvm_test_top.env_h [env] Reporting matched 101
# 
# --- UVM Report Summary ---
# 
# ** Report counts by severity
# UVM_INFO :  106
# UVM_WARNING :    0
# UVM_ERROR :    0
# UVM_FATAL :    0
# ** Report counts by id
# [Comparator Match]   101
# [Questa UVM]     2
# [RNTST]     1
# [TEST_DONE]     1
# [env]     1
# ** Note: $finish    : /software/mentor/questa10.7c/questasim/linux_x86_64/../verilog_src/uvm-1.1d/src/base/uvm_root.svh(430)
#    Time: 8105 ns  Iteration: 58  Instance: /top
# End time: 20:00:14 on Apr 10,2022, Elapsed time: 0:00:08
# Errors: 0, Warnings: 20
