# vsim top "+define+ADDER" "+define+LONG" -batch -do "run -all; quit -f" 
# Start time: 20:02:09 on Apr 10,2022
# ** Note: (vsim-3813) Design is being optimized due to module recompilation...
# ** Warning: ../tb/monitor.sv(49): (vopt-2240) Treating stand-alone use of function 'begin_tr' as an implicit VOID cast.
# ** Warning: ../tb/monitor_out.sv(48): (vopt-2240) Treating stand-alone use of function 'begin_tr' as an implicit VOID cast.
# //  Questa Sim-64
# //  Version 10.7c linux_x86_64 Aug 17 2018
# //
# //  Copyright 1991-2018 Mentor Graphics Corporation
# //  All Rights Reserved.
# //
# //  QuestaSim and its associated documentation contain trade
# //  secrets and commercial or financial information that are the property of
# //  Mentor Graphics Corporation and are privileged, confidential,
# //  and exempt from disclosure under the Freedom of Information Act,
# //  5 U.S.C. Section 552. Furthermore, this information
# //  is prohibited from disclosure under the Trade Secrets Act,
# //  18 U.S.C. Section 1905.
# //
# Loading sv_std.std
# Loading mtiUvm.uvm_pkg
# Loading work.top_sv_unit(fast)
# Loading work.top(fast)
# Loading work.dut_if(fast)
# Loading work.DUT(fast)
# Loading work.adder(fast)
# Loading mtiUvm.questa_uvm_pkg(fast)
# Loading work.dut_if(fast)
# ** Warning: (vsim-3764) Stand-alone call to function 'begin_tr' treated as implicit void cast.
#    Time: 0 ns  Iteration: 0  Region: /top_sv_unit::driver File: ../tb/driver.sv Line: 67
# Loading /software/mentor/questa10.7c/questasim/uvm-1.1d/linux_x86_64/uvm_dpi.so
# 
# run -all
# ----------------------------------------------------------------
# UVM-1.1d
# (C) 2007-2013 Mentor Graphics Corporation
# (C) 2007-2013 Cadence Design Systems, Inc.
# (C) 2006-2013 Synopsys, Inc.
# (C) 2011-2013 Cypress Semiconductor Corp.
# ----------------------------------------------------------------
# 
#   ***********       IMPORTANT RELEASE NOTES         ************
# 
#   You are using a version of the UVM library that has been compiled
#   with `UVM_NO_DEPRECATED undefined.
#   See http://www.eda.org/svdb/view.php?id=3313 for more details.
# 
#   You are using a version of the UVM library that has been compiled
#   with `UVM_OBJECT_MUST_HAVE_CONSTRUCTOR undefined.
#   See http://www.eda.org/svdb/view.php?id=3770 for more details.
# 
#       (Specify +UVM_NO_RELNOTES to turn off this notice)
# 
# UVM_INFO verilog_src/questa_uvm_pkg-1.2/src/questa_uvm_pkg.sv(215) @ 0: reporter [Questa UVM] QUESTA_UVM-1.2.3
# UVM_INFO verilog_src/questa_uvm_pkg-1.2/src/questa_uvm_pkg.sv(216) @ 0: reporter [Questa UVM]  questa_uvm::init(+struct)
# UVM_INFO @ 0: reporter [RNTST] Running test simple_test...
# adder: input A =                  823, input B =                 6882, output OUT =                 7705
# adder: input A = 0000000000000000000000000000000000000000000000000000001100110111, input B = 0000000000000000000000000000000000000000000000000001101011100010, output OUT = 0000000000000000000000000000000000000000000000000001111000011001
# refmod: input A =                   823, input B =                  6882, output OUT =                  7705
# refmod: input A = 0000000000000000000000000000000000000000000000000000001100110111, input B = 0000000000000000000000000000000000000000000000000001101011100010, output OUT = 0000000000000000000000000000000000000000000000000001111000011001
# UVM_INFO @ 45: uvm_test_top.env_h.comp [Comparator Match] 
# adder: input A =                  700, input B =                 1052, output OUT =                 1752
# adder: input A = 0000000000000000000000000000000000000000000000000000001010111100, input B = 0000000000000000000000000000000000000000000000000000010000011100, output OUT = 0000000000000000000000000000000000000000000000000000011011011000
# refmod: input A =                   700, input B =                  1052, output OUT =                  1752
# refmod: input A = 0000000000000000000000000000000000000000000000000000001010111100, input B = 0000000000000000000000000000000000000000000000000000010000011100, output OUT = 0000000000000000000000000000000000000000000000000000011011011000
# UVM_INFO @ 75: uvm_test_top.env_h.comp [Comparator Match] 
# adder: input A =                  998, input B =                 9860, output OUT =                10858
# adder: input A = 0000000000000000000000000000000000000000000000000000001111100110, input B = 0000000000000000000000000000000000000000000000000010011010000100, output OUT = 0000000000000000000000000000000000000000000000000010101001101010
# refmod: input A =                   998, input B =                  9860, output OUT =                 10858
# refmod: input A = 0000000000000000000000000000000000000000000000000000001111100110, input B = 0000000000000000000000000000000000000000000000000010011010000100, output OUT = 0000000000000000000000000000000000000000000000000010101001101010
# UVM_INFO @ 105: uvm_test_top.env_h.comp [Comparator Match] 
# adder: input A =                  571, input B =                 2582, output OUT =                 3153
# adder: input A = 0000000000000000000000000000000000000000000000000000001000111011, input B = 0000000000000000000000000000000000000000000000000000101000010110, output OUT = 0000000000000000000000000000000000000000000000000000110001010001
# refmod: input A =                   571, input B =                  2582, output OUT =                  3153
# refmod: input A = 0000000000000000000000000000000000000000000000000000001000111011, input B = 0000000000000000000000000000000000000000000000000000101000010110, output OUT = 0000000000000000000000000000000000000000000000000000110001010001
# UVM_INFO @ 135: uvm_test_top.env_h.comp [Comparator Match] 
# adder: input A =                  932, input B =                  571, output OUT =                 1503
# adder: input A = 0000000000000000000000000000000000000000000000000000001110100100, input B = 0000000000000000000000000000000000000000000000000000001000111011, output OUT = 0000000000000000000000000000000000000000000000000000010111011111
# refmod: input A =                   932, input B =                   571, output OUT =                  1503
# refmod: input A = 0000000000000000000000000000000000000000000000000000001110100100, input B = 0000000000000000000000000000000000000000000000000000001000111011, output OUT = 0000000000000000000000000000000000000000000000000000010111011111
# UVM_INFO @ 165: uvm_test_top.env_h.comp [Comparator Match] 
# adder: input A =                  749, input B =                 7030, output OUT =                 7779
# adder: input A = 0000000000000000000000000000000000000000000000000000001011101101, input B = 0000000000000000000000000000000000000000000000000001101101110110, output OUT = 0000000000000000000000000000000000000000000000000001111001100011
# refmod: input A =                   749, input B =                  7030, output OUT =                  7779
# refmod: input A = 0000000000000000000000000000000000000000000000000000001011101101, input B = 0000000000000000000000000000000000000000000000000001101101110110, output OUT = 0000000000000000000000000000000000000000000000000001111001100011
# UVM_INFO @ 195: uvm_test_top.env_h.comp [Comparator Match] 
# adder: input A =                  938, input B =                 1213, output OUT =                 2151
# adder: input A = 0000000000000000000000000000000000000000000000000000001110101010, input B = 0000000000000000000000000000000000000000000000000000010010111101, output OUT = 0000000000000000000000000000000000000000000000000000100001100111
# refmod: input A =                   938, input B =                  1213, output OUT =                  2151
# refmod: input A = 0000000000000000000000000000000000000000000000000000001110101010, input B = 0000000000000000000000000000000000000000000000000000010010111101, output OUT = 0000000000000000000000000000000000000000000000000000100001100111
# UVM_INFO @ 225: uvm_test_top.env_h.comp [Comparator Match] 
# adder: input A =                  990, input B =                 3202, output OUT =                 4192
# adder: input A = 0000000000000000000000000000000000000000000000000000001111011110, input B = 0000000000000000000000000000000000000000000000000000110010000010, output OUT = 0000000000000000000000000000000000000000000000000001000001100000
# refmod: input A =                   990, input B =                  3202, output OUT =                  4192
# refmod: input A = 0000000000000000000000000000000000000000000000000000001111011110, input B = 0000000000000000000000000000000000000000000000000000110010000010, output OUT = 0000000000000000000000000000000000000000000000000001000001100000
# UVM_INFO @ 255: uvm_test_top.env_h.comp [Comparator Match] 
# adder: input A =                  578, input B =                 3743, output OUT =                 4321
# adder: input A = 0000000000000000000000000000000000000000000000000000001001000010, input B = 0000000000000000000000000000000000000000000000000000111010011111, output OUT = 0000000000000000000000000000000000000000000000000001000011100001
# refmod: input A =                   578, input B =                  3743, output OUT =                  4321
# refmod: input A = 0000000000000000000000000000000000000000000000000000001001000010, input B = 0000000000000000000000000000000000000000000000000000111010011111, output OUT = 0000000000000000000000000000000000000000000000000001000011100001
# UVM_INFO @ 285: uvm_test_top.env_h.comp [Comparator Match] 
# adder: input A =                  140, input B =                  242, output OUT =                  382
# adder: input A = 0000000000000000000000000000000000000000000000000000000010001100, input B = 0000000000000000000000000000000000000000000000000000000011110010, output OUT = 0000000000000000000000000000000000000000000000000000000101111110
# refmod: input A =                   140, input B =                   242, output OUT =                   382
# refmod: input A = 0000000000000000000000000000000000000000000000000000000010001100, input B = 0000000000000000000000000000000000000000000000000000000011110010, output OUT = 0000000000000000000000000000000000000000000000000000000101111110
# UVM_INFO @ 315: uvm_test_top.env_h.comp [Comparator Match] 
# adder: input A =                  602, input B =                 4154, output OUT =                 4756
# adder: input A = 0000000000000000000000000000000000000000000000000000001001011010, input B = 0000000000000000000000000000000000000000000000000001000000111010, output OUT = 0000000000000000000000000000000000000000000000000001001010010100
# refmod: input A =                   602, input B =                  4154, output OUT =                  4756
# refmod: input A = 0000000000000000000000000000000000000000000000000000001001011010, input B = 0000000000000000000000000000000000000000000000000001000000111010, output OUT = 0000000000000000000000000000000000000000000000000001001010010100
# UVM_INFO @ 345: uvm_test_top.env_h.comp [Comparator Match] 
# adder: input A =                  954, input B =                 8354, output OUT =                 9308
# adder: input A = 0000000000000000000000000000000000000000000000000000001110111010, input B = 0000000000000000000000000000000000000000000000000010000010100010, output OUT = 0000000000000000000000000000000000000000000000000010010001011100
# refmod: input A =                   954, input B =                  8354, output OUT =                  9308
# refmod: input A = 0000000000000000000000000000000000000000000000000000001110111010, input B = 0000000000000000000000000000000000000000000000000010000010100010, output OUT = 0000000000000000000000000000000000000000000000000010010001011100
# UVM_INFO @ 375: uvm_test_top.env_h.comp [Comparator Match] 
# adder: input A =                  795, input B =                 7268, output OUT =                 8063
# adder: input A = 0000000000000000000000000000000000000000000000000000001100011011, input B = 0000000000000000000000000000000000000000000000000001110001100100, output OUT = 0000000000000000000000000000000000000000000000000001111101111111
# refmod: input A =                   795, input B =                  7268, output OUT =                  8063
# refmod: input A = 0000000000000000000000000000000000000000000000000000001100011011, input B = 0000000000000000000000000000000000000000000000000001110001100100, output OUT = 0000000000000000000000000000000000000000000000000001111101111111
# UVM_INFO @ 405: uvm_test_top.env_h.comp [Comparator Match] 
# adder: input A =                  671, input B =                 4392, output OUT =                 5063
# adder: input A = 0000000000000000000000000000000000000000000000000000001010011111, input B = 0000000000000000000000000000000000000000000000000001000100101000, output OUT = 0000000000000000000000000000000000000000000000000001001111000111
# refmod: input A =                   671, input B =                  4392, output OUT =                  5063
# refmod: input A = 0000000000000000000000000000000000000000000000000000001010011111, input B = 0000000000000000000000000000000000000000000000000001000100101000, output OUT = 0000000000000000000000000000000000000000000000000001001111000111
# UVM_INFO @ 435: uvm_test_top.env_h.comp [Comparator Match] 
# adder: input A =                  861, input B =                 4363, output OUT =                 5224
# adder: input A = 0000000000000000000000000000000000000000000000000000001101011101, input B = 0000000000000000000000000000000000000000000000000001000100001011, output OUT = 0000000000000000000000000000000000000000000000000001010001101000
# refmod: input A =                   861, input B =                  4363, output OUT =                  5224
# refmod: input A = 0000000000000000000000000000000000000000000000000000001101011101, input B = 0000000000000000000000000000000000000000000000000001000100001011, output OUT = 0000000000000000000000000000000000000000000000000001010001101000
# UVM_INFO @ 465: uvm_test_top.env_h.comp [Comparator Match] 
# adder: input A =                  318, input B =                 2383, output OUT =                 2701
# adder: input A = 0000000000000000000000000000000000000000000000000000000100111110, input B = 0000000000000000000000000000000000000000000000000000100101001111, output OUT = 0000000000000000000000000000000000000000000000000000101010001101
# refmod: input A =                   318, input B =                  2383, output OUT =                  2701
# refmod: input A = 0000000000000000000000000000000000000000000000000000000100111110, input B = 0000000000000000000000000000000000000000000000000000100101001111, output OUT = 0000000000000000000000000000000000000000000000000000101010001101
# UVM_INFO @ 495: uvm_test_top.env_h.comp [Comparator Match] 
# adder: input A =                  963, input B =                 7887, output OUT =                 8850
# adder: input A = 0000000000000000000000000000000000000000000000000000001111000011, input B = 0000000000000000000000000000000000000000000000000001111011001111, output OUT = 0000000000000000000000000000000000000000000000000010001010010010
# refmod: input A =                   963, input B =                  7887, output OUT =                  8850
# refmod: input A = 0000000000000000000000000000000000000000000000000000001111000011, input B = 0000000000000000000000000000000000000000000000000001111011001111, output OUT = 0000000000000000000000000000000000000000000000000010001010010010
# UVM_INFO @ 525: uvm_test_top.env_h.comp [Comparator Match] 
# adder: input A =                  762, input B =                 4811, output OUT =                 5573
# adder: input A = 0000000000000000000000000000000000000000000000000000001011111010, input B = 0000000000000000000000000000000000000000000000000001001011001011, output OUT = 0000000000000000000000000000000000000000000000000001010111000101
# refmod: input A =                   762, input B =                  4811, output OUT =                  5573
# refmod: input A = 0000000000000000000000000000000000000000000000000000001011111010, input B = 0000000000000000000000000000000000000000000000000001001011001011, output OUT = 0000000000000000000000000000000000000000000000000001010111000101
# UVM_INFO @ 555: uvm_test_top.env_h.comp [Comparator Match] 
# adder: input A =                  932, input B =                 8963, output OUT =                 9895
# adder: input A = 0000000000000000000000000000000000000000000000000000001110100100, input B = 0000000000000000000000000000000000000000000000000010001100000011, output OUT = 0000000000000000000000000000000000000000000000000010011010100111
# refmod: input A =                   932, input B =                  8963, output OUT =                  9895
# refmod: input A = 0000000000000000000000000000000000000000000000000000001110100100, input B = 0000000000000000000000000000000000000000000000000010001100000011, output OUT = 0000000000000000000000000000000000000000000000000010011010100111
# UVM_INFO @ 585: uvm_test_top.env_h.comp [Comparator Match] 
# adder: input A =                  716, input B =                 5239, output OUT =                 5955
# adder: input A = 0000000000000000000000000000000000000000000000000000001011001100, input B = 0000000000000000000000000000000000000000000000000001010001110111, output OUT = 0000000000000000000000000000000000000000000000000001011101000011
# refmod: input A =                   716, input B =                  5239, output OUT =                  5955
# refmod: input A = 0000000000000000000000000000000000000000000000000000001011001100, input B = 0000000000000000000000000000000000000000000000000001010001110111, output OUT = 0000000000000000000000000000000000000000000000000001011101000011
# UVM_INFO @ 615: uvm_test_top.env_h.comp [Comparator Match] 
# adder: input A =                  495, input B =                 3142, output OUT =                 3637
# adder: input A = 0000000000000000000000000000000000000000000000000000000111101111, input B = 0000000000000000000000000000000000000000000000000000110001000110, output OUT = 0000000000000000000000000000000000000000000000000000111000110101
# refmod: input A =                   495, input B =                  3142, output OUT =                  3637
# refmod: input A = 0000000000000000000000000000000000000000000000000000000111101111, input B = 0000000000000000000000000000000000000000000000000000110001000110, output OUT = 0000000000000000000000000000000000000000000000000000111000110101
# UVM_INFO @ 645: uvm_test_top.env_h.comp [Comparator Match] 
# adder: input A =                  610, input B =                 2596, output OUT =                 3206
# adder: input A = 0000000000000000000000000000000000000000000000000000001001100010, input B = 0000000000000000000000000000000000000000000000000000101000100100, output OUT = 0000000000000000000000000000000000000000000000000000110010000110
# refmod: input A =                   610, input B =                  2596, output OUT =                  3206
# refmod: input A = 0000000000000000000000000000000000000000000000000000001001100010, input B = 0000000000000000000000000000000000000000000000000000101000100100, output OUT = 0000000000000000000000000000000000000000000000000000110010000110
# UVM_INFO @ 675: uvm_test_top.env_h.comp [Comparator Match] 
# adder: input A =                  547, input B =                 1550, output OUT =                 2097
# adder: input A = 0000000000000000000000000000000000000000000000000000001000100011, input B = 0000000000000000000000000000000000000000000000000000011000001110, output OUT = 0000000000000000000000000000000000000000000000000000100000110001
# refmod: input A =                   547, input B =                  1550, output OUT =                  2097
# refmod: input A = 0000000000000000000000000000000000000000000000000000001000100011, input B = 0000000000000000000000000000000000000000000000000000011000001110, output OUT = 0000000000000000000000000000000000000000000000000000100000110001
# UVM_INFO @ 705: uvm_test_top.env_h.comp [Comparator Match] 
# adder: input A =                  865, input B =                 6854, output OUT =                 7719
# adder: input A = 0000000000000000000000000000000000000000000000000000001101100001, input B = 0000000000000000000000000000000000000000000000000001101011000110, output OUT = 0000000000000000000000000000000000000000000000000001111000100111
# refmod: input A =                   865, input B =                  6854, output OUT =                  7719
# refmod: input A = 0000000000000000000000000000000000000000000000000000001101100001, input B = 0000000000000000000000000000000000000000000000000001101011000110, output OUT = 0000000000000000000000000000000000000000000000000001111000100111
# UVM_INFO @ 735: uvm_test_top.env_h.comp [Comparator Match] 
# adder: input A =                  680, input B =                 5501, output OUT =                 6181
# adder: input A = 0000000000000000000000000000000000000000000000000000001010101000, input B = 0000000000000000000000000000000000000000000000000001010101111101, output OUT = 0000000000000000000000000000000000000000000000000001100000100101
# refmod: input A =                   680, input B =                  5501, output OUT =                  6181
# refmod: input A = 0000000000000000000000000000000000000000000000000000001010101000, input B = 0000000000000000000000000000000000000000000000000001010101111101, output OUT = 0000000000000000000000000000000000000000000000000001100000100101
# UVM_INFO @ 765: uvm_test_top.env_h.comp [Comparator Match] 
# adder: input A =                  323, input B =                 1563, output OUT =                 1886
# adder: input A = 0000000000000000000000000000000000000000000000000000000101000011, input B = 0000000000000000000000000000000000000000000000000000011000011011, output OUT = 0000000000000000000000000000000000000000000000000000011101011110
# refmod: input A =                   323, input B =                  1563, output OUT =                  1886
# refmod: input A = 0000000000000000000000000000000000000000000000000000000101000011, input B = 0000000000000000000000000000000000000000000000000000011000011011, output OUT = 0000000000000000000000000000000000000000000000000000011101011110
# UVM_INFO @ 795: uvm_test_top.env_h.comp [Comparator Match] 
# adder: input A =                  542, input B =                 3844, output OUT =                 4386
# adder: input A = 0000000000000000000000000000000000000000000000000000001000011110, input B = 0000000000000000000000000000000000000000000000000000111100000100, output OUT = 0000000000000000000000000000000000000000000000000001000100100010
# refmod: input A =                   542, input B =                  3844, output OUT =                  4386
# refmod: input A = 0000000000000000000000000000000000000000000000000000001000011110, input B = 0000000000000000000000000000000000000000000000000000111100000100, output OUT = 0000000000000000000000000000000000000000000000000001000100100010
# UVM_INFO @ 825: uvm_test_top.env_h.comp [Comparator Match] 
# adder: input A =                  948, input B =                 8820, output OUT =                 9768
# adder: input A = 0000000000000000000000000000000000000000000000000000001110110100, input B = 0000000000000000000000000000000000000000000000000010001001110100, output OUT = 0000000000000000000000000000000000000000000000000010011000101000
# refmod: input A =                   948, input B =                  8820, output OUT =                  9768
# refmod: input A = 0000000000000000000000000000000000000000000000000000001110110100, input B = 0000000000000000000000000000000000000000000000000010001001110100, output OUT = 0000000000000000000000000000000000000000000000000010011000101000
# UVM_INFO @ 855: uvm_test_top.env_h.comp [Comparator Match] 
# adder: input A =                  707, input B =                  925, output OUT =                 1632
# adder: input A = 0000000000000000000000000000000000000000000000000000001011000011, input B = 0000000000000000000000000000000000000000000000000000001110011101, output OUT = 0000000000000000000000000000000000000000000000000000011001100000
# refmod: input A =                   707, input B =                   925, output OUT =                  1632
# refmod: input A = 0000000000000000000000000000000000000000000000000000001011000011, input B = 0000000000000000000000000000000000000000000000000000001110011101, output OUT = 0000000000000000000000000000000000000000000000000000011001100000
# UVM_INFO @ 885: uvm_test_top.env_h.comp [Comparator Match] 
# adder: input A =                  827, input B =                 7996, output OUT =                 8823
# adder: input A = 0000000000000000000000000000000000000000000000000000001100111011, input B = 0000000000000000000000000000000000000000000000000001111100111100, output OUT = 0000000000000000000000000000000000000000000000000010001001110111
# refmod: input A =                   827, input B =                  7996, output OUT =                  8823
# refmod: input A = 0000000000000000000000000000000000000000000000000000001100111011, input B = 0000000000000000000000000000000000000000000000000001111100111100, output OUT = 0000000000000000000000000000000000000000000000000010001001110111
# UVM_INFO @ 915: uvm_test_top.env_h.comp [Comparator Match] 
# adder: input A =                  783, input B =                 6319, output OUT =                 7102
# adder: input A = 0000000000000000000000000000000000000000000000000000001100001111, input B = 0000000000000000000000000000000000000000000000000001100010101111, output OUT = 0000000000000000000000000000000000000000000000000001101110111110
# refmod: input A =                   783, input B =                  6319, output OUT =                  7102
# refmod: input A = 0000000000000000000000000000000000000000000000000000001100001111, input B = 0000000000000000000000000000000000000000000000000001100010101111, output OUT = 0000000000000000000000000000000000000000000000000001101110111110
# UVM_INFO @ 945: uvm_test_top.env_h.comp [Comparator Match] 
# adder: input A =                  991, input B =                  803, output OUT =                 1794
# adder: input A = 0000000000000000000000000000000000000000000000000000001111011111, input B = 0000000000000000000000000000000000000000000000000000001100100011, output OUT = 0000000000000000000000000000000000000000000000000000011100000010
# refmod: input A =                   991, input B =                   803, output OUT =                  1794
# refmod: input A = 0000000000000000000000000000000000000000000000000000001111011111, input B = 0000000000000000000000000000000000000000000000000000001100100011, output OUT = 0000000000000000000000000000000000000000000000000000011100000010
# UVM_INFO @ 975: uvm_test_top.env_h.comp [Comparator Match] 
# adder: input A =                  915, input B =                 3789, output OUT =                 4704
# adder: input A = 0000000000000000000000000000000000000000000000000000001110010011, input B = 0000000000000000000000000000000000000000000000000000111011001101, output OUT = 0000000000000000000000000000000000000000000000000001001001100000
# refmod: input A =                   915, input B =                  3789, output OUT =                  4704
# refmod: input A = 0000000000000000000000000000000000000000000000000000001110010011, input B = 0000000000000000000000000000000000000000000000000000111011001101, output OUT = 0000000000000000000000000000000000000000000000000001001001100000
# UVM_INFO @ 1005: uvm_test_top.env_h.comp [Comparator Match] 
# adder: input A =                  353, input B =                 3014, output OUT =                 3367
# adder: input A = 0000000000000000000000000000000000000000000000000000000101100001, input B = 0000000000000000000000000000000000000000000000000000101111000110, output OUT = 0000000000000000000000000000000000000000000000000000110100100111
# refmod: input A =                   353, input B =                  3014, output OUT =                  3367
# refmod: input A = 0000000000000000000000000000000000000000000000000000000101100001, input B = 0000000000000000000000000000000000000000000000000000101111000110, output OUT = 0000000000000000000000000000000000000000000000000000110100100111
# UVM_INFO @ 1035: uvm_test_top.env_h.comp [Comparator Match] 
# adder: input A =                  407, input B =                  771, output OUT =                 1178
# adder: input A = 0000000000000000000000000000000000000000000000000000000110010111, input B = 0000000000000000000000000000000000000000000000000000001100000011, output OUT = 0000000000000000000000000000000000000000000000000000010010011010
# refmod: input A =                   407, input B =                   771, output OUT =                  1178
# refmod: input A = 0000000000000000000000000000000000000000000000000000000110010111, input B = 0000000000000000000000000000000000000000000000000000001100000011, output OUT = 0000000000000000000000000000000000000000000000000000010010011010
# UVM_INFO @ 1065: uvm_test_top.env_h.comp [Comparator Match] 
# adder: input A =                  847, input B =                 6640, output OUT =                 7487
# adder: input A = 0000000000000000000000000000000000000000000000000000001101001111, input B = 0000000000000000000000000000000000000000000000000001100111110000, output OUT = 0000000000000000000000000000000000000000000000000001110100111111
# refmod: input A =                   847, input B =                  6640, output OUT =                  7487
# refmod: input A = 0000000000000000000000000000000000000000000000000000001101001111, input B = 0000000000000000000000000000000000000000000000000001100111110000, output OUT = 0000000000000000000000000000000000000000000000000001110100111111
# UVM_INFO @ 1095: uvm_test_top.env_h.comp [Comparator Match] 
# adder: input A =                  454, input B =                 1066, output OUT =                 1520
# adder: input A = 0000000000000000000000000000000000000000000000000000000111000110, input B = 0000000000000000000000000000000000000000000000000000010000101010, output OUT = 0000000000000000000000000000000000000000000000000000010111110000
# refmod: input A =                   454, input B =                  1066, output OUT =                  1520
# refmod: input A = 0000000000000000000000000000000000000000000000000000000111000110, input B = 0000000000000000000000000000000000000000000000000000010000101010, output OUT = 0000000000000000000000000000000000000000000000000000010111110000
# UVM_INFO @ 1125: uvm_test_top.env_h.comp [Comparator Match] 
# adder: input A =                  950, input B =                  289, output OUT =                 1239
# adder: input A = 0000000000000000000000000000000000000000000000000000001110110110, input B = 0000000000000000000000000000000000000000000000000000000100100001, output OUT = 0000000000000000000000000000000000000000000000000000010011010111
# refmod: input A =                   950, input B =                   289, output OUT =                  1239
# refmod: input A = 0000000000000000000000000000000000000000000000000000001110110110, input B = 0000000000000000000000000000000000000000000000000000000100100001, output OUT = 0000000000000000000000000000000000000000000000000000010011010111
# UVM_INFO @ 1155: uvm_test_top.env_h.comp [Comparator Match] 
# adder: input A =                  644, input B =                 5374, output OUT =                 6018
# adder: input A = 0000000000000000000000000000000000000000000000000000001010000100, input B = 0000000000000000000000000000000000000000000000000001010011111110, output OUT = 0000000000000000000000000000000000000000000000000001011110000010
# refmod: input A =                   644, input B =                  5374, output OUT =                  6018
# refmod: input A = 0000000000000000000000000000000000000000000000000000001010000100, input B = 0000000000000000000000000000000000000000000000000001010011111110, output OUT = 0000000000000000000000000000000000000000000000000001011110000010
# UVM_INFO @ 1185: uvm_test_top.env_h.comp [Comparator Match] 
# adder: input A =                  960, input B =                 5825, output OUT =                 6785
# adder: input A = 0000000000000000000000000000000000000000000000000000001111000000, input B = 0000000000000000000000000000000000000000000000000001011011000001, output OUT = 0000000000000000000000000000000000000000000000000001101010000001
# refmod: input A =                   960, input B =                  5825, output OUT =                  6785
# refmod: input A = 0000000000000000000000000000000000000000000000000000001111000000, input B = 0000000000000000000000000000000000000000000000000001011011000001, output OUT = 0000000000000000000000000000000000000000000000000001101010000001
# UVM_INFO @ 1215: uvm_test_top.env_h.comp [Comparator Match] 
# adder: input A =                  590, input B =                 5424, output OUT =                 6014
# adder: input A = 0000000000000000000000000000000000000000000000000000001001001110, input B = 0000000000000000000000000000000000000000000000000001010100110000, output OUT = 0000000000000000000000000000000000000000000000000001011101111110
# refmod: input A =                   590, input B =                  5424, output OUT =                  6014
# refmod: input A = 0000000000000000000000000000000000000000000000000000001001001110, input B = 0000000000000000000000000000000000000000000000000001010100110000, output OUT = 0000000000000000000000000000000000000000000000000001011101111110
# UVM_INFO @ 1245: uvm_test_top.env_h.comp [Comparator Match] 
# adder: input A =                  919, input B =                 5801, output OUT =                 6720
# adder: input A = 0000000000000000000000000000000000000000000000000000001110010111, input B = 0000000000000000000000000000000000000000000000000001011010101001, output OUT = 0000000000000000000000000000000000000000000000000001101001000000
# refmod: input A =                   919, input B =                  5801, output OUT =                  6720
# refmod: input A = 0000000000000000000000000000000000000000000000000000001110010111, input B = 0000000000000000000000000000000000000000000000000001011010101001, output OUT = 0000000000000000000000000000000000000000000000000001101001000000
# UVM_INFO @ 1275: uvm_test_top.env_h.comp [Comparator Match] 
# adder: input A =                  734, input B =                 6757, output OUT =                 7491
# adder: input A = 0000000000000000000000000000000000000000000000000000001011011110, input B = 0000000000000000000000000000000000000000000000000001101001100101, output OUT = 0000000000000000000000000000000000000000000000000001110101000011
# refmod: input A =                   734, input B =                  6757, output OUT =                  7491
# refmod: input A = 0000000000000000000000000000000000000000000000000000001011011110, input B = 0000000000000000000000000000000000000000000000000001101001100101, output OUT = 0000000000000000000000000000000000000000000000000001110101000011
# UVM_INFO @ 1305: uvm_test_top.env_h.comp [Comparator Match] 
# adder: input A =                  427, input B =                 1081, output OUT =                 1508
# adder: input A = 0000000000000000000000000000000000000000000000000000000110101011, input B = 0000000000000000000000000000000000000000000000000000010000111001, output OUT = 0000000000000000000000000000000000000000000000000000010111100100
# refmod: input A =                   427, input B =                  1081, output OUT =                  1508
# refmod: input A = 0000000000000000000000000000000000000000000000000000000110101011, input B = 0000000000000000000000000000000000000000000000000000010000111001, output OUT = 0000000000000000000000000000000000000000000000000000010111100100
# UVM_INFO @ 1335: uvm_test_top.env_h.comp [Comparator Match] 
# adder: input A =                  491, input B =                 4861, output OUT =                 5352
# adder: input A = 0000000000000000000000000000000000000000000000000000000111101011, input B = 0000000000000000000000000000000000000000000000000001001011111101, output OUT = 0000000000000000000000000000000000000000000000000001010011101000
# refmod: input A =                   491, input B =                  4861, output OUT =                  5352
# refmod: input A = 0000000000000000000000000000000000000000000000000000000111101011, input B = 0000000000000000000000000000000000000000000000000001001011111101, output OUT = 0000000000000000000000000000000000000000000000000001010011101000
# UVM_INFO @ 1365: uvm_test_top.env_h.comp [Comparator Match] 
# adder: input A =                  941, input B =                 9251, output OUT =                10192
# adder: input A = 0000000000000000000000000000000000000000000000000000001110101101, input B = 0000000000000000000000000000000000000000000000000010010000100011, output OUT = 0000000000000000000000000000000000000000000000000010011111010000
# refmod: input A =                   941, input B =                  9251, output OUT =                 10192
# refmod: input A = 0000000000000000000000000000000000000000000000000000001110101101, input B = 0000000000000000000000000000000000000000000000000010010000100011, output OUT = 0000000000000000000000000000000000000000000000000010011111010000
# UVM_INFO @ 1395: uvm_test_top.env_h.comp [Comparator Match] 
# adder: input A =                  922, input B =                 1053, output OUT =                 1975
# adder: input A = 0000000000000000000000000000000000000000000000000000001110011010, input B = 0000000000000000000000000000000000000000000000000000010000011101, output OUT = 0000000000000000000000000000000000000000000000000000011110110111
# refmod: input A =                   922, input B =                  1053, output OUT =                  1975
# refmod: input A = 0000000000000000000000000000000000000000000000000000001110011010, input B = 0000000000000000000000000000000000000000000000000000010000011101, output OUT = 0000000000000000000000000000000000000000000000000000011110110111
# UVM_INFO @ 1425: uvm_test_top.env_h.comp [Comparator Match] 
# adder: input A =                  663, input B =                 1515, output OUT =                 2178
# adder: input A = 0000000000000000000000000000000000000000000000000000001010010111, input B = 0000000000000000000000000000000000000000000000000000010111101011, output OUT = 0000000000000000000000000000000000000000000000000000100010000010
# refmod: input A =                   663, input B =                  1515, output OUT =                  2178
# refmod: input A = 0000000000000000000000000000000000000000000000000000001010010111, input B = 0000000000000000000000000000000000000000000000000000010111101011, output OUT = 0000000000000000000000000000000000000000000000000000100010000010
# UVM_INFO @ 1455: uvm_test_top.env_h.comp [Comparator Match] 
# adder: input A =                  192, input B =                 1519, output OUT =                 1711
# adder: input A = 0000000000000000000000000000000000000000000000000000000011000000, input B = 0000000000000000000000000000000000000000000000000000010111101111, output OUT = 0000000000000000000000000000000000000000000000000000011010101111
# refmod: input A =                   192, input B =                  1519, output OUT =                  1711
# refmod: input A = 0000000000000000000000000000000000000000000000000000000011000000, input B = 0000000000000000000000000000000000000000000000000000010111101111, output OUT = 0000000000000000000000000000000000000000000000000000011010101111
# UVM_INFO @ 1485: uvm_test_top.env_h.comp [Comparator Match] 
# adder: input A =                  951, input B =                 2437, output OUT =                 3388
# adder: input A = 0000000000000000000000000000000000000000000000000000001110110111, input B = 0000000000000000000000000000000000000000000000000000100110000101, output OUT = 0000000000000000000000000000000000000000000000000000110100111100
# refmod: input A =                   951, input B =                  2437, output OUT =                  3388
# refmod: input A = 0000000000000000000000000000000000000000000000000000001110110111, input B = 0000000000000000000000000000000000000000000000000000100110000101, output OUT = 0000000000000000000000000000000000000000000000000000110100111100
# UVM_INFO @ 1515: uvm_test_top.env_h.comp [Comparator Match] 
# adder: input A =                  834, input B =                 1248, output OUT =                 2082
# adder: input A = 0000000000000000000000000000000000000000000000000000001101000010, input B = 0000000000000000000000000000000000000000000000000000010011100000, output OUT = 0000000000000000000000000000000000000000000000000000100000100010
# refmod: input A =                   834, input B =                  1248, output OUT =                  2082
# refmod: input A = 0000000000000000000000000000000000000000000000000000001101000010, input B = 0000000000000000000000000000000000000000000000000000010011100000, output OUT = 0000000000000000000000000000000000000000000000000000100000100010
# UVM_INFO @ 1545: uvm_test_top.env_h.comp [Comparator Match] 
# adder: input A =                  910, input B =                 6747, output OUT =                 7657
# adder: input A = 0000000000000000000000000000000000000000000000000000001110001110, input B = 0000000000000000000000000000000000000000000000000001101001011011, output OUT = 0000000000000000000000000000000000000000000000000001110111101001
# refmod: input A =                   910, input B =                  6747, output OUT =                  7657
# refmod: input A = 0000000000000000000000000000000000000000000000000000001110001110, input B = 0000000000000000000000000000000000000000000000000001101001011011, output OUT = 0000000000000000000000000000000000000000000000000001110111101001
# UVM_INFO @ 1575: uvm_test_top.env_h.comp [Comparator Match] 
# adder: input A =                  580, input B =                 4495, output OUT =                 5075
# adder: input A = 0000000000000000000000000000000000000000000000000000001001000100, input B = 0000000000000000000000000000000000000000000000000001000110001111, output OUT = 0000000000000000000000000000000000000000000000000001001111010011
# refmod: input A =                   580, input B =                  4495, output OUT =                  5075
# refmod: input A = 0000000000000000000000000000000000000000000000000000001001000100, input B = 0000000000000000000000000000000000000000000000000001000110001111, output OUT = 0000000000000000000000000000000000000000000000000001001111010011
# UVM_INFO @ 1605: uvm_test_top.env_h.comp [Comparator Match] 
# adder: input A =                  844, input B =                 5953, output OUT =                 6797
# adder: input A = 0000000000000000000000000000000000000000000000000000001101001100, input B = 0000000000000000000000000000000000000000000000000001011101000001, output OUT = 0000000000000000000000000000000000000000000000000001101010001101
# refmod: input A =                   844, input B =                  5953, output OUT =                  6797
# refmod: input A = 0000000000000000000000000000000000000000000000000000001101001100, input B = 0000000000000000000000000000000000000000000000000001011101000001, output OUT = 0000000000000000000000000000000000000000000000000001101010001101
# UVM_INFO @ 1635: uvm_test_top.env_h.comp [Comparator Match] 
# adder: input A =                  274, input B =                  335, output OUT =                  609
# adder: input A = 0000000000000000000000000000000000000000000000000000000100010010, input B = 0000000000000000000000000000000000000000000000000000000101001111, output OUT = 0000000000000000000000000000000000000000000000000000001001100001
# refmod: input A =                   274, input B =                   335, output OUT =                   609
# refmod: input A = 0000000000000000000000000000000000000000000000000000000100010010, input B = 0000000000000000000000000000000000000000000000000000000101001111, output OUT = 0000000000000000000000000000000000000000000000000000001001100001
# UVM_INFO @ 1665: uvm_test_top.env_h.comp [Comparator Match] 
# adder: input A =                  283, input B =                 1533, output OUT =                 1816
# adder: input A = 0000000000000000000000000000000000000000000000000000000100011011, input B = 0000000000000000000000000000000000000000000000000000010111111101, output OUT = 0000000000000000000000000000000000000000000000000000011100011000
# refmod: input A =                   283, input B =                  1533, output OUT =                  1816
# refmod: input A = 0000000000000000000000000000000000000000000000000000000100011011, input B = 0000000000000000000000000000000000000000000000000000010111111101, output OUT = 0000000000000000000000000000000000000000000000000000011100011000
# UVM_INFO @ 1695: uvm_test_top.env_h.comp [Comparator Match] 
# adder: input A =                  778, input B =                 7219, output OUT =                 7997
# adder: input A = 0000000000000000000000000000000000000000000000000000001100001010, input B = 0000000000000000000000000000000000000000000000000001110000110011, output OUT = 0000000000000000000000000000000000000000000000000001111100111101
# refmod: input A =                   778, input B =                  7219, output OUT =                  7997
# refmod: input A = 0000000000000000000000000000000000000000000000000000001100001010, input B = 0000000000000000000000000000000000000000000000000001110000110011, output OUT = 0000000000000000000000000000000000000000000000000001111100111101
# UVM_INFO @ 1725: uvm_test_top.env_h.comp [Comparator Match] 
# adder: input A =                  711, input B =                 1862, output OUT =                 2573
# adder: input A = 0000000000000000000000000000000000000000000000000000001011000111, input B = 0000000000000000000000000000000000000000000000000000011101000110, output OUT = 0000000000000000000000000000000000000000000000000000101000001101
# refmod: input A =                   711, input B =                  1862, output OUT =                  2573
# refmod: input A = 0000000000000000000000000000000000000000000000000000001011000111, input B = 0000000000000000000000000000000000000000000000000000011101000110, output OUT = 0000000000000000000000000000000000000000000000000000101000001101
# UVM_INFO @ 1755: uvm_test_top.env_h.comp [Comparator Match] 
# adder: input A =                  865, input B =                 2550, output OUT =                 3415
# adder: input A = 0000000000000000000000000000000000000000000000000000001101100001, input B = 0000000000000000000000000000000000000000000000000000100111110110, output OUT = 0000000000000000000000000000000000000000000000000000110101010111
# refmod: input A =                   865, input B =                  2550, output OUT =                  3415
# refmod: input A = 0000000000000000000000000000000000000000000000000000001101100001, input B = 0000000000000000000000000000000000000000000000000000100111110110, output OUT = 0000000000000000000000000000000000000000000000000000110101010111
# UVM_INFO @ 1785: uvm_test_top.env_h.comp [Comparator Match] 
# adder: input A =                  210, input B =                 1353, output OUT =                 1563
# adder: input A = 0000000000000000000000000000000000000000000000000000000011010010, input B = 0000000000000000000000000000000000000000000000000000010101001001, output OUT = 0000000000000000000000000000000000000000000000000000011000011011
# refmod: input A =                   210, input B =                  1353, output OUT =                  1563
# refmod: input A = 0000000000000000000000000000000000000000000000000000000011010010, input B = 0000000000000000000000000000000000000000000000000000010101001001, output OUT = 0000000000000000000000000000000000000000000000000000011000011011
# UVM_INFO @ 1815: uvm_test_top.env_h.comp [Comparator Match] 
# adder: input A =                  613, input B =                 4441, output OUT =                 5054
# adder: input A = 0000000000000000000000000000000000000000000000000000001001100101, input B = 0000000000000000000000000000000000000000000000000001000101011001, output OUT = 0000000000000000000000000000000000000000000000000001001110111110
# refmod: input A =                   613, input B =                  4441, output OUT =                  5054
# refmod: input A = 0000000000000000000000000000000000000000000000000000001001100101, input B = 0000000000000000000000000000000000000000000000000001000101011001, output OUT = 0000000000000000000000000000000000000000000000000001001110111110
# UVM_INFO @ 1845: uvm_test_top.env_h.comp [Comparator Match] 
# adder: input A =                  135, input B =                  155, output OUT =                  290
# adder: input A = 0000000000000000000000000000000000000000000000000000000010000111, input B = 0000000000000000000000000000000000000000000000000000000010011011, output OUT = 0000000000000000000000000000000000000000000000000000000100100010
# refmod: input A =                   135, input B =                   155, output OUT =                   290
# refmod: input A = 0000000000000000000000000000000000000000000000000000000010000111, input B = 0000000000000000000000000000000000000000000000000000000010011011, output OUT = 0000000000000000000000000000000000000000000000000000000100100010
# UVM_INFO @ 1875: uvm_test_top.env_h.comp [Comparator Match] 
# adder: input A =                  380, input B =                  793, output OUT =                 1173
# adder: input A = 0000000000000000000000000000000000000000000000000000000101111100, input B = 0000000000000000000000000000000000000000000000000000001100011001, output OUT = 0000000000000000000000000000000000000000000000000000010010010101
# refmod: input A =                   380, input B =                   793, output OUT =                  1173
# refmod: input A = 0000000000000000000000000000000000000000000000000000000101111100, input B = 0000000000000000000000000000000000000000000000000000001100011001, output OUT = 0000000000000000000000000000000000000000000000000000010010010101
# UVM_INFO @ 1905: uvm_test_top.env_h.comp [Comparator Match] 
# adder: input A =                  890, input B =                 8597, output OUT =                 9487
# adder: input A = 0000000000000000000000000000000000000000000000000000001101111010, input B = 0000000000000000000000000000000000000000000000000010000110010101, output OUT = 0000000000000000000000000000000000000000000000000010010100001111
# refmod: input A =                   890, input B =                  8597, output OUT =                  9487
# refmod: input A = 0000000000000000000000000000000000000000000000000000001101111010, input B = 0000000000000000000000000000000000000000000000000010000110010101, output OUT = 0000000000000000000000000000000000000000000000000010010100001111
# UVM_INFO @ 1935: uvm_test_top.env_h.comp [Comparator Match] 
# adder: input A =                  962, input B =                 9034, output OUT =                 9996
# adder: input A = 0000000000000000000000000000000000000000000000000000001111000010, input B = 0000000000000000000000000000000000000000000000000010001101001010, output OUT = 0000000000000000000000000000000000000000000000000010011100001100
# refmod: input A =                   962, input B =                  9034, output OUT =                  9996
# refmod: input A = 0000000000000000000000000000000000000000000000000000001111000010, input B = 0000000000000000000000000000000000000000000000000010001101001010, output OUT = 0000000000000000000000000000000000000000000000000010011100001100
# UVM_INFO @ 1965: uvm_test_top.env_h.comp [Comparator Match] 
# adder: input A =                  851, input B =                 3964, output OUT =                 4815
# adder: input A = 0000000000000000000000000000000000000000000000000000001101010011, input B = 0000000000000000000000000000000000000000000000000000111101111100, output OUT = 0000000000000000000000000000000000000000000000000001001011001111
# refmod: input A =                   851, input B =                  3964, output OUT =                  4815
# refmod: input A = 0000000000000000000000000000000000000000000000000000001101010011, input B = 0000000000000000000000000000000000000000000000000000111101111100, output OUT = 0000000000000000000000000000000000000000000000000001001011001111
# UVM_INFO @ 1995: uvm_test_top.env_h.comp [Comparator Match] 
# adder: input A =                  939, input B =                  657, output OUT =                 1596
# adder: input A = 0000000000000000000000000000000000000000000000000000001110101011, input B = 0000000000000000000000000000000000000000000000000000001010010001, output OUT = 0000000000000000000000000000000000000000000000000000011000111100
# refmod: input A =                   939, input B =                   657, output OUT =                  1596
# refmod: input A = 0000000000000000000000000000000000000000000000000000001110101011, input B = 0000000000000000000000000000000000000000000000000000001010010001, output OUT = 0000000000000000000000000000000000000000000000000000011000111100
# UVM_INFO @ 2025: uvm_test_top.env_h.comp [Comparator Match] 
# adder: input A =                  756, input B =                 4698, output OUT =                 5454
# adder: input A = 0000000000000000000000000000000000000000000000000000001011110100, input B = 0000000000000000000000000000000000000000000000000001001001011010, output OUT = 0000000000000000000000000000000000000000000000000001010101001110
# refmod: input A =                   756, input B =                  4698, output OUT =                  5454
# refmod: input A = 0000000000000000000000000000000000000000000000000000001011110100, input B = 0000000000000000000000000000000000000000000000000001001001011010, output OUT = 0000000000000000000000000000000000000000000000000001010101001110
# UVM_INFO @ 2055: uvm_test_top.env_h.comp [Comparator Match] 
# adder: input A =                  904, input B =                 9034, output OUT =                 9938
# adder: input A = 0000000000000000000000000000000000000000000000000000001110001000, input B = 0000000000000000000000000000000000000000000000000010001101001010, output OUT = 0000000000000000000000000000000000000000000000000010011011010010
# refmod: input A =                   904, input B =                  9034, output OUT =                  9938
# refmod: input A = 0000000000000000000000000000000000000000000000000000001110001000, input B = 0000000000000000000000000000000000000000000000000010001101001010, output OUT = 0000000000000000000000000000000000000000000000000010011011010010
# UVM_INFO @ 2085: uvm_test_top.env_h.comp [Comparator Match] 
# adder: input A =                  842, input B =                 7303, output OUT =                 8145
# adder: input A = 0000000000000000000000000000000000000000000000000000001101001010, input B = 0000000000000000000000000000000000000000000000000001110010000111, output OUT = 0000000000000000000000000000000000000000000000000001111111010001
# refmod: input A =                   842, input B =                  7303, output OUT =                  8145
# refmod: input A = 0000000000000000000000000000000000000000000000000000001101001010, input B = 0000000000000000000000000000000000000000000000000001110010000111, output OUT = 0000000000000000000000000000000000000000000000000001111111010001
# UVM_INFO @ 2115: uvm_test_top.env_h.comp [Comparator Match] 
# adder: input A =                  922, input B =                  632, output OUT =                 1554
# adder: input A = 0000000000000000000000000000000000000000000000000000001110011010, input B = 0000000000000000000000000000000000000000000000000000001001111000, output OUT = 0000000000000000000000000000000000000000000000000000011000010010
# refmod: input A =                   922, input B =                   632, output OUT =                  1554
# refmod: input A = 0000000000000000000000000000000000000000000000000000001110011010, input B = 0000000000000000000000000000000000000000000000000000001001111000, output OUT = 0000000000000000000000000000000000000000000000000000011000010010
# UVM_INFO @ 2145: uvm_test_top.env_h.comp [Comparator Match] 
# adder: input A =                  155, input B =                  446, output OUT =                  601
# adder: input A = 0000000000000000000000000000000000000000000000000000000010011011, input B = 0000000000000000000000000000000000000000000000000000000110111110, output OUT = 0000000000000000000000000000000000000000000000000000001001011001
# refmod: input A =                   155, input B =                   446, output OUT =                   601
# refmod: input A = 0000000000000000000000000000000000000000000000000000000010011011, input B = 0000000000000000000000000000000000000000000000000000000110111110, output OUT = 0000000000000000000000000000000000000000000000000000001001011001
# UVM_INFO @ 2175: uvm_test_top.env_h.comp [Comparator Match] 
# adder: input A =                  731, input B =                 1606, output OUT =                 2337
# adder: input A = 0000000000000000000000000000000000000000000000000000001011011011, input B = 0000000000000000000000000000000000000000000000000000011001000110, output OUT = 0000000000000000000000000000000000000000000000000000100100100001
# refmod: input A =                   731, input B =                  1606, output OUT =                  2337
# refmod: input A = 0000000000000000000000000000000000000000000000000000001011011011, input B = 0000000000000000000000000000000000000000000000000000011001000110, output OUT = 0000000000000000000000000000000000000000000000000000100100100001
# UVM_INFO @ 2205: uvm_test_top.env_h.comp [Comparator Match] 
# adder: input A =                  125, input B =                 1043, output OUT =                 1168
# adder: input A = 0000000000000000000000000000000000000000000000000000000001111101, input B = 0000000000000000000000000000000000000000000000000000010000010011, output OUT = 0000000000000000000000000000000000000000000000000000010010010000
# refmod: input A =                   125, input B =                  1043, output OUT =                  1168
# refmod: input A = 0000000000000000000000000000000000000000000000000000000001111101, input B = 0000000000000000000000000000000000000000000000000000010000010011, output OUT = 0000000000000000000000000000000000000000000000000000010010010000
# UVM_INFO @ 2235: uvm_test_top.env_h.comp [Comparator Match] 
# adder: input A =                  913, input B =                 8533, output OUT =                 9446
# adder: input A = 0000000000000000000000000000000000000000000000000000001110010001, input B = 0000000000000000000000000000000000000000000000000010000101010101, output OUT = 0000000000000000000000000000000000000000000000000010010011100110
# refmod: input A =                   913, input B =                  8533, output OUT =                  9446
# refmod: input A = 0000000000000000000000000000000000000000000000000000001110010001, input B = 0000000000000000000000000000000000000000000000000010000101010101, output OUT = 0000000000000000000000000000000000000000000000000010010011100110
# UVM_INFO @ 2265: uvm_test_top.env_h.comp [Comparator Match] 
# adder: input A =                  804, input B =                 7091, output OUT =                 7895
# adder: input A = 0000000000000000000000000000000000000000000000000000001100100100, input B = 0000000000000000000000000000000000000000000000000001101110110011, output OUT = 0000000000000000000000000000000000000000000000000001111011010111
# refmod: input A =                   804, input B =                  7091, output OUT =                  7895
# refmod: input A = 0000000000000000000000000000000000000000000000000000001100100100, input B = 0000000000000000000000000000000000000000000000000001101110110011, output OUT = 0000000000000000000000000000000000000000000000000001111011010111
# UVM_INFO @ 2295: uvm_test_top.env_h.comp [Comparator Match] 
# adder: input A =                  861, input B =                 7929, output OUT =                 8790
# adder: input A = 0000000000000000000000000000000000000000000000000000001101011101, input B = 0000000000000000000000000000000000000000000000000001111011111001, output OUT = 0000000000000000000000000000000000000000000000000010001001010110
# refmod: input A =                   861, input B =                  7929, output OUT =                  8790
# refmod: input A = 0000000000000000000000000000000000000000000000000000001101011101, input B = 0000000000000000000000000000000000000000000000000001111011111001, output OUT = 0000000000000000000000000000000000000000000000000010001001010110
# UVM_INFO @ 2325: uvm_test_top.env_h.comp [Comparator Match] 
# adder: input A =                  790, input B =                 4703, output OUT =                 5493
# adder: input A = 0000000000000000000000000000000000000000000000000000001100010110, input B = 0000000000000000000000000000000000000000000000000001001001011111, output OUT = 0000000000000000000000000000000000000000000000000001010101110101
# refmod: input A =                   790, input B =                  4703, output OUT =                  5493
# refmod: input A = 0000000000000000000000000000000000000000000000000000001100010110, input B = 0000000000000000000000000000000000000000000000000001001001011111, output OUT = 0000000000000000000000000000000000000000000000000001010101110101
# UVM_INFO @ 2355: uvm_test_top.env_h.comp [Comparator Match] 
# adder: input A =                  956, input B =                 9510, output OUT =                10466
# adder: input A = 0000000000000000000000000000000000000000000000000000001110111100, input B = 0000000000000000000000000000000000000000000000000010010100100110, output OUT = 0000000000000000000000000000000000000000000000000010100011100010
# refmod: input A =                   956, input B =                  9510, output OUT =                 10466
# refmod: input A = 0000000000000000000000000000000000000000000000000000001110111100, input B = 0000000000000000000000000000000000000000000000000010010100100110, output OUT = 0000000000000000000000000000000000000000000000000010100011100010
# UVM_INFO @ 2385: uvm_test_top.env_h.comp [Comparator Match] 
# adder: input A =                  653, input B =                 5890, output OUT =                 6543
# adder: input A = 0000000000000000000000000000000000000000000000000000001010001101, input B = 0000000000000000000000000000000000000000000000000001011100000010, output OUT = 0000000000000000000000000000000000000000000000000001100110001111
# refmod: input A =                   653, input B =                  5890, output OUT =                  6543
# refmod: input A = 0000000000000000000000000000000000000000000000000000001010001101, input B = 0000000000000000000000000000000000000000000000000001011100000010, output OUT = 0000000000000000000000000000000000000000000000000001100110001111
# UVM_INFO @ 2415: uvm_test_top.env_h.comp [Comparator Match] 
# adder: input A =                  541, input B =                 3874, output OUT =                 4415
# adder: input A = 0000000000000000000000000000000000000000000000000000001000011101, input B = 0000000000000000000000000000000000000000000000000000111100100010, output OUT = 0000000000000000000000000000000000000000000000000001000100111111
# refmod: input A =                   541, input B =                  3874, output OUT =                  4415
# refmod: input A = 0000000000000000000000000000000000000000000000000000001000011101, input B = 0000000000000000000000000000000000000000000000000000111100100010, output OUT = 0000000000000000000000000000000000000000000000000001000100111111
# UVM_INFO @ 2445: uvm_test_top.env_h.comp [Comparator Match] 
# adder: input A =                  969, input B =                 8672, output OUT =                 9641
# adder: input A = 0000000000000000000000000000000000000000000000000000001111001001, input B = 0000000000000000000000000000000000000000000000000010000111100000, output OUT = 0000000000000000000000000000000000000000000000000010010110101001
# refmod: input A =                   969, input B =                  8672, output OUT =                  9641
# refmod: input A = 0000000000000000000000000000000000000000000000000000001111001001, input B = 0000000000000000000000000000000000000000000000000010000111100000, output OUT = 0000000000000000000000000000000000000000000000000010010110101001
# UVM_INFO @ 2475: uvm_test_top.env_h.comp [Comparator Match] 
# adder: input A =                  480, input B =                 1898, output OUT =                 2378
# adder: input A = 0000000000000000000000000000000000000000000000000000000111100000, input B = 0000000000000000000000000000000000000000000000000000011101101010, output OUT = 0000000000000000000000000000000000000000000000000000100101001010
# refmod: input A =                   480, input B =                  1898, output OUT =                  2378
# refmod: input A = 0000000000000000000000000000000000000000000000000000000111100000, input B = 0000000000000000000000000000000000000000000000000000011101101010, output OUT = 0000000000000000000000000000000000000000000000000000100101001010
# UVM_INFO @ 2505: uvm_test_top.env_h.comp [Comparator Match] 
# adder: input A =                  288, input B =                 2759, output OUT =                 3047
# adder: input A = 0000000000000000000000000000000000000000000000000000000100100000, input B = 0000000000000000000000000000000000000000000000000000101011000111, output OUT = 0000000000000000000000000000000000000000000000000000101111100111
# refmod: input A =                   288, input B =                  2759, output OUT =                  3047
# refmod: input A = 0000000000000000000000000000000000000000000000000000000100100000, input B = 0000000000000000000000000000000000000000000000000000101011000111, output OUT = 0000000000000000000000000000000000000000000000000000101111100111
# UVM_INFO @ 2535: uvm_test_top.env_h.comp [Comparator Match] 
# adder: input A =                  935, input B =                 6089, output OUT =                 7024
# adder: input A = 0000000000000000000000000000000000000000000000000000001110100111, input B = 0000000000000000000000000000000000000000000000000001011111001001, output OUT = 0000000000000000000000000000000000000000000000000001101101110000
# refmod: input A =                   935, input B =                  6089, output OUT =                  7024
# refmod: input A = 0000000000000000000000000000000000000000000000000000001110100111, input B = 0000000000000000000000000000000000000000000000000001011111001001, output OUT = 0000000000000000000000000000000000000000000000000001101101110000
# UVM_INFO @ 2565: uvm_test_top.env_h.comp [Comparator Match] 
# adder: input A =                  595, input B =                 3721, output OUT =                 4316
# adder: input A = 0000000000000000000000000000000000000000000000000000001001010011, input B = 0000000000000000000000000000000000000000000000000000111010001001, output OUT = 0000000000000000000000000000000000000000000000000001000011011100
# refmod: input A =                   595, input B =                  3721, output OUT =                  4316
# refmod: input A = 0000000000000000000000000000000000000000000000000000001001010011, input B = 0000000000000000000000000000000000000000000000000000111010001001, output OUT = 0000000000000000000000000000000000000000000000000001000011011100
# UVM_INFO @ 2595: uvm_test_top.env_h.comp [Comparator Match] 
# adder: input A =                  840, input B =                 4927, output OUT =                 5767
# adder: input A = 0000000000000000000000000000000000000000000000000000001101001000, input B = 0000000000000000000000000000000000000000000000000001001100111111, output OUT = 0000000000000000000000000000000000000000000000000001011010000111
# refmod: input A =                   840, input B =                  4927, output OUT =                  5767
# refmod: input A = 0000000000000000000000000000000000000000000000000000001101001000, input B = 0000000000000000000000000000000000000000000000000001001100111111, output OUT = 0000000000000000000000000000000000000000000000000001011010000111
# UVM_INFO @ 2625: uvm_test_top.env_h.comp [Comparator Match] 
# adder: input A =                  352, input B =                   45, output OUT =                  397
# adder: input A = 0000000000000000000000000000000000000000000000000000000101100000, input B = 0000000000000000000000000000000000000000000000000000000000101101, output OUT = 0000000000000000000000000000000000000000000000000000000110001101
# refmod: input A =                   352, input B =                    45, output OUT =                   397
# refmod: input A = 0000000000000000000000000000000000000000000000000000000101100000, input B = 0000000000000000000000000000000000000000000000000000000000101101, output OUT = 0000000000000000000000000000000000000000000000000000000110001101
# UVM_INFO @ 2655: uvm_test_top.env_h.comp [Comparator Match] 
# adder: input A =                  783, input B =                 2587, output OUT =                 3370
# adder: input A = 0000000000000000000000000000000000000000000000000000001100001111, input B = 0000000000000000000000000000000000000000000000000000101000011011, output OUT = 0000000000000000000000000000000000000000000000000000110100101010
# refmod: input A =                   783, input B =                  2587, output OUT =                  3370
# refmod: input A = 0000000000000000000000000000000000000000000000000000001100001111, input B = 0000000000000000000000000000000000000000000000000000101000011011, output OUT = 0000000000000000000000000000000000000000000000000000110100101010
# UVM_INFO @ 2685: uvm_test_top.env_h.comp [Comparator Match] 
# adder: input A =                  863, input B =                 4100, output OUT =                 4963
# adder: input A = 0000000000000000000000000000000000000000000000000000001101011111, input B = 0000000000000000000000000000000000000000000000000001000000000100, output OUT = 0000000000000000000000000000000000000000000000000001001101100011
# refmod: input A =                   863, input B =                  4100, output OUT =                  4963
# refmod: input A = 0000000000000000000000000000000000000000000000000000001101011111, input B = 0000000000000000000000000000000000000000000000000001000000000100, output OUT = 0000000000000000000000000000000000000000000000000001001101100011
# UVM_INFO @ 2715: uvm_test_top.env_h.comp [Comparator Match] 
# adder: input A =                  897, input B =                 2763, output OUT =                 3660
# adder: input A = 0000000000000000000000000000000000000000000000000000001110000001, input B = 0000000000000000000000000000000000000000000000000000101011001011, output OUT = 0000000000000000000000000000000000000000000000000000111001001100
# refmod: input A =                   897, input B =                  2763, output OUT =                  3660
# refmod: input A = 0000000000000000000000000000000000000000000000000000001110000001, input B = 0000000000000000000000000000000000000000000000000000101011001011, output OUT = 0000000000000000000000000000000000000000000000000000111001001100
# UVM_INFO @ 2745: uvm_test_top.env_h.comp [Comparator Match] 
# adder: input A =                  946, input B =                 8519, output OUT =                 9465
# adder: input A = 0000000000000000000000000000000000000000000000000000001110110010, input B = 0000000000000000000000000000000000000000000000000010000101000111, output OUT = 0000000000000000000000000000000000000000000000000010010011111001
# refmod: input A =                   946, input B =                  8519, output OUT =                  9465
# refmod: input A = 0000000000000000000000000000000000000000000000000000001110110010, input B = 0000000000000000000000000000000000000000000000000010000101000111, output OUT = 0000000000000000000000000000000000000000000000000010010011111001
# UVM_INFO @ 2775: uvm_test_top.env_h.comp [Comparator Match] 
# adder: input A =                  396, input B =                 3780, output OUT =                 4176
# adder: input A = 0000000000000000000000000000000000000000000000000000000110001100, input B = 0000000000000000000000000000000000000000000000000000111011000100, output OUT = 0000000000000000000000000000000000000000000000000001000001010000
# refmod: input A =                   396, input B =                  3780, output OUT =                  4176
# refmod: input A = 0000000000000000000000000000000000000000000000000000000110001100, input B = 0000000000000000000000000000000000000000000000000000111011000100, output OUT = 0000000000000000000000000000000000000000000000000001000001010000
# UVM_INFO @ 2805: uvm_test_top.env_h.comp [Comparator Match] 
# adder: input A =                  747, input B =                 4259, output OUT =                 5006
# adder: input A = 0000000000000000000000000000000000000000000000000000001011101011, input B = 0000000000000000000000000000000000000000000000000001000010100011, output OUT = 0000000000000000000000000000000000000000000000000001001110001110
# refmod: input A =                   747, input B =                  4259, output OUT =                  5006
# refmod: input A = 0000000000000000000000000000000000000000000000000000001011101011, input B = 0000000000000000000000000000000000000000000000000001000010100011, output OUT = 0000000000000000000000000000000000000000000000000001001110001110
# UVM_INFO @ 2835: uvm_test_top.env_h.comp [Comparator Match] 
# adder: input A =                  175, input B =                 1264, output OUT =                 1439
# adder: input A = 0000000000000000000000000000000000000000000000000000000010101111, input B = 0000000000000000000000000000000000000000000000000000010011110000, output OUT = 0000000000000000000000000000000000000000000000000000010110011111
# refmod: input A =                   175, input B =                  1264, output OUT =                  1439
# refmod: input A = 0000000000000000000000000000000000000000000000000000000010101111, input B = 0000000000000000000000000000000000000000000000000000010011110000, output OUT = 0000000000000000000000000000000000000000000000000000010110011111
# UVM_INFO @ 2865: uvm_test_top.env_h.comp [Comparator Match] 
# adder: input A =                  254, input B =                 1078, output OUT =                 1332
# adder: input A = 0000000000000000000000000000000000000000000000000000000011111110, input B = 0000000000000000000000000000000000000000000000000000010000110110, output OUT = 0000000000000000000000000000000000000000000000000000010100110100
# refmod: input A =                   254, input B =                  1078, output OUT =                  1332
# refmod: input A = 0000000000000000000000000000000000000000000000000000000011111110, input B = 0000000000000000000000000000000000000000000000000000010000110110, output OUT = 0000000000000000000000000000000000000000000000000000010100110100
# UVM_INFO @ 2895: uvm_test_top.env_h.comp [Comparator Match] 
# adder: input A =                  702, input B =                 1993, output OUT =                 2695
# adder: input A = 0000000000000000000000000000000000000000000000000000001010111110, input B = 0000000000000000000000000000000000000000000000000000011111001001, output OUT = 0000000000000000000000000000000000000000000000000000101010000111
# refmod: input A =                   702, input B =                  1993, output OUT =                  2695
# refmod: input A = 0000000000000000000000000000000000000000000000000000001010111110, input B = 0000000000000000000000000000000000000000000000000000011111001001, output OUT = 0000000000000000000000000000000000000000000000000000101010000111
# UVM_INFO @ 2925: uvm_test_top.env_h.comp [Comparator Match] 
# adder: input A =                  709, input B =                 6442, output OUT =                 7151
# adder: input A = 0000000000000000000000000000000000000000000000000000001011000101, input B = 0000000000000000000000000000000000000000000000000001100100101010, output OUT = 0000000000000000000000000000000000000000000000000001101111101111
# refmod: input A =                   709, input B =                  6442, output OUT =                  7151
# refmod: input A = 0000000000000000000000000000000000000000000000000000001011000101, input B = 0000000000000000000000000000000000000000000000000001100100101010, output OUT = 0000000000000000000000000000000000000000000000000001101111101111
# UVM_INFO @ 2955: uvm_test_top.env_h.comp [Comparator Match] 
# adder: input A =                  549, input B =                 2352, output OUT =                 2901
# adder: input A = 0000000000000000000000000000000000000000000000000000001000100101, input B = 0000000000000000000000000000000000000000000000000000100100110000, output OUT = 0000000000000000000000000000000000000000000000000000101101010101
# refmod: input A =                   549, input B =                  2352, output OUT =                  2901
# refmod: input A = 0000000000000000000000000000000000000000000000000000001000100101, input B = 0000000000000000000000000000000000000000000000000000100100110000, output OUT = 0000000000000000000000000000000000000000000000000000101101010101
# UVM_INFO @ 2985: uvm_test_top.env_h.comp [Comparator Match] 
# adder: input A =                  927, input B =                 1077, output OUT =                 2004
# adder: input A = 0000000000000000000000000000000000000000000000000000001110011111, input B = 0000000000000000000000000000000000000000000000000000010000110101, output OUT = 0000000000000000000000000000000000000000000000000000011111010100
# refmod: input A =                   927, input B =                  1077, output OUT =                  2004
# refmod: input A = 0000000000000000000000000000000000000000000000000000001110011111, input B = 0000000000000000000000000000000000000000000000000000010000110101, output OUT = 0000000000000000000000000000000000000000000000000000011111010100
# UVM_INFO @ 3015: uvm_test_top.env_h.comp [Comparator Match] 
# adder: input A =                  766, input B =                  150, output OUT =                  916
# adder: input A = 0000000000000000000000000000000000000000000000000000001011111110, input B = 0000000000000000000000000000000000000000000000000000000010010110, output OUT = 0000000000000000000000000000000000000000000000000000001110010100
# refmod: input A =                   766, input B =                   150, output OUT =                   916
# refmod: input A = 0000000000000000000000000000000000000000000000000000001011111110, input B = 0000000000000000000000000000000000000000000000000000000010010110, output OUT = 0000000000000000000000000000000000000000000000000000001110010100
# UVM_INFO @ 3045: uvm_test_top.env_h.comp [Comparator Match] 
# UVM_INFO verilog_src/uvm-1.1d/src/base/uvm_objection.svh(1267) @ 3045: reporter [TEST_DONE] 'run' phase is ready to proceed to the 'extract' phase
# UVM_INFO ../tb/env.sv(42) @ 3045: uvm_test_top.env_h [env] Reporting matched 101
# 
# --- UVM Report Summary ---
# 
# ** Report counts by severity
# UVM_INFO :  106
# UVM_WARNING :    0
# UVM_ERROR :    0
# UVM_FATAL :    0
# ** Report counts by id
# [Comparator Match]   101
# [Questa UVM]     2
# [RNTST]     1
# [TEST_DONE]     1
# [env]     1
# ** Note: $finish    : /software/mentor/questa10.7c/questasim/linux_x86_64/../verilog_src/uvm-1.1d/src/base/uvm_root.svh(430)
#    Time: 3045 ns  Iteration: 58  Instance: /top
# End time: 20:02:16 on Apr 10,2022, Elapsed time: 0:00:07
# Errors: 0, Warnings: 3
